0 info it worked if it ends with ok
1 verbose cli [ 'node',
1 verbose cli   'C:\\Users\\Dhaval\\AppData\\Roaming\\npm\\node_modules\\npm\\bin\\npm-cli.js',
1 verbose cli   'install',
1 verbose cli   '-g',
1 verbose cli   'bower' ]
2 info using npm@2.14.1
3 info using node@v0.12.7
4 verbose install initial load of C:\Users\Dhaval\AppData\Roaming\npm\package.json
5 verbose readDependencies loading dependencies from C:\Users\Dhaval\AppData\Roaming\npm\package.json
6 silly cache add args [ 'bower', null ]
7 verbose cache add spec bower
8 silly cache add parsed spec { raw: 'bower',
8 silly cache add   scope: null,
8 silly cache add   name: 'bower',
8 silly cache add   rawSpec: '',
8 silly cache add   spec: '*',
8 silly cache add   type: 'range' }
9 silly addNamed bower@*
10 verbose addNamed "*" is a valid semver range for bower
11 silly addNameRange { name: 'bower', range: '*', hasData: false }
12 silly mapToRegistry name bower
13 silly mapToRegistry using default registry
14 silly mapToRegistry registry https://registry.npmjs.org/
15 silly mapToRegistry uri https://registry.npmjs.org/bower
16 verbose addNameRange registry:https://registry.npmjs.org/bower not in flight; fetching
17 verbose request uri https://registry.npmjs.org/bower
18 verbose request no auth needed
19 info attempt registry request try #1 at 5:14:51 PM
20 verbose request id b5ccc7200f29b077
21 http request GET https://registry.npmjs.org/bower
22 http 200 https://registry.npmjs.org/bower
23 silly get cb [ 200,
23 silly get   { server: 'CouchDB/1.5.0 (Erlang OTP/R16B03)',
23 silly get     etag: '"BJJLECJY7XG4TJNVUE528CEAO"',
23 silly get     'content-type': 'application/json',
23 silly get     'cache-control': 'max-age=60',
23 silly get     'content-length': '120199',
23 silly get     'accept-ranges': 'bytes',
23 silly get     date: 'Wed, 09 Sep 2015 11:44:51 GMT',
23 silly get     via: '1.1 varnish',
23 silly get     age: '25',
23 silly get     connection: 'keep-alive',
23 silly get     'x-served-by': 'cache-sin6923-SIN',
23 silly get     'x-cache': 'HIT',
23 silly get     'x-cache-hits': '1',
23 silly get     'x-timer': 'S1441799091.165579,VS0,VE1',
23 silly get     vary: 'Accept' } ]
24 verbose get saving bower to C:\Users\Dhaval\AppData\Roaming\npm-cache\registry.npmjs.org\bower\.cache.json
25 verbose makeDirectory C:\Users\Dhaval\AppData\Roaming\npm-cache creation not in flight; initializing
26 verbose makeCacheDir UID & GID are irrelevant on win32
27 silly addNameRange number 2 { name: 'bower', range: '*', hasData: true }
28 silly addNameRange versions [ 'bower',
28 silly addNameRange   [ '0.1.0',
28 silly addNameRange     '0.1.2',
28 silly addNameRange     '0.1.3',
28 silly addNameRange     '0.2.0',
28 silly addNameRange     '0.3.0',
28 silly addNameRange     '0.3.1',
28 silly addNameRange     '0.3.2',
28 silly addNameRange     '0.4.0',
28 silly addNameRange     '0.5.0',
28 silly addNameRange     '0.5.1',
28 silly addNameRange     '0.6.0',
28 silly addNameRange     '0.6.1',
28 silly addNameRange     '0.6.2',
28 silly addNameRange     '0.6.3',
28 silly addNameRange     '0.6.4',
28 silly addNameRange     '0.6.5',
28 silly addNameRange     '0.6.6',
28 silly addNameRange     '0.6.7',
28 silly addNameRange     '0.6.8',
28 silly addNameRange     '0.7.0',
28 silly addNameRange     '0.7.1',
28 silly addNameRange     '0.8.0',
28 silly addNameRange     '0.8.1',
28 silly addNameRange     '0.8.2',
28 silly addNameRange     '0.8.3',
28 silly addNameRange     '0.8.4',
28 silly addNameRange     '0.8.5',
28 silly addNameRange     '0.8.6',
28 silly addNameRange     '0.9.0',
28 silly addNameRange     '0.9.1',
28 silly addNameRange     '0.9.2',
28 silly addNameRange     '0.10.0',
28 silly addNameRange     '1.0.0',
28 silly addNameRange     '1.0.1',
28 silly addNameRange     '1.0.2',
28 silly addNameRange     '1.0.3',
28 silly addNameRange     '1.1.0',
28 silly addNameRange     '1.1.1',
28 silly addNameRange     '1.1.2',
28 silly addNameRange     '1.2.0',
28 silly addNameRange     '1.2.1',
28 silly addNameRange     '1.2.2',
28 silly addNameRange     '1.2.3',
28 silly addNameRange     '1.2.4',
28 silly addNameRange     '1.2.5',
28 silly addNameRange     '1.2.6',
28 silly addNameRange     '1.2.7',
28 silly addNameRange     '1.2.8',
28 silly addNameRange     '1.3.0',
28 silly addNameRange     '1.3.1',
28 silly addNameRange     '1.3.2',
28 silly addNameRange     '1.3.3',
28 silly addNameRange     '1.3.4',
28 silly addNameRange     '1.3.5',
28 silly addNameRange     '1.3.6',
28 silly addNameRange     '1.3.7',
28 silly addNameRange     '1.3.8',
28 silly addNameRange     '1.3.9',
28 silly addNameRange     '1.3.10',
28 silly addNameRange     '1.3.11',
28 silly addNameRange     '1.3.12',
28 silly addNameRange     '1.4.0',
28 silly addNameRange     '1.4.1',
28 silly addNameRange     '1.5.0',
28 silly addNameRange     '1.5.1',
28 silly addNameRange     '1.5.2' ] ]
29 silly addNamed bower@1.5.2
30 verbose addNamed "1.5.2" is a plain semver version for bower
31 silly mapToRegistry name bower
32 silly mapToRegistry using default registry
33 silly mapToRegistry registry https://registry.npmjs.org/
34 silly mapToRegistry uri https://registry.npmjs.org/bower
35 verbose addRemoteTarball https://registry.npmjs.org/bower/-/bower-1.5.2.tgz not in flight; adding
36 verbose addRemoteTarball [ 'https://registry.npmjs.org/bower/-/bower-1.5.2.tgz',
36 verbose addRemoteTarball   'be291d6c36f1740779abff1c61aca5633e265327' ]
37 info retry fetch attempt 1 at 5:14:53 PM
38 info attempt registry request try #1 at 5:14:53 PM
39 http fetch GET https://registry.npmjs.org/bower/-/bower-1.5.2.tgz
40 http fetch 200 https://registry.npmjs.org/bower/-/bower-1.5.2.tgz
41 silly fetchAndShaCheck shasum be291d6c36f1740779abff1c61aca5633e265327
42 verbose addTmpTarball C:\Users\Dhaval\AppData\Local\Temp\npm-4768-66829088\registry.npmjs.org\bower\-\bower-1.5.2.tgz not in flight; adding
43 verbose addTmpTarball already have metadata; skipping unpack for bower@1.5.2
44 silly cache afterAdd bower@1.5.2
45 verbose afterAdd C:\Users\Dhaval\AppData\Roaming\npm-cache\bower\1.5.2\package\package.json not in flight; writing
46 verbose afterAdd C:\Users\Dhaval\AppData\Roaming\npm-cache\bower\1.5.2\package\package.json written
47 silly install resolved [ { name: 'bower',
47 silly install resolved     version: '1.5.2',
47 silly install resolved     description: 'The browser package manager',
47 silly install resolved     author: { name: 'Twitter' },
47 silly install resolved     license: 'MIT',
47 silly install resolved     repository: { type: 'git', url: 'git+https://github.com/bower/bower.git' },
47 silly install resolved     main: 'lib',
47 silly install resolved     homepage: 'http://bower.io',
47 silly install resolved     engines: { node: '>=0.10.0' },
47 silly install resolved     dependencies:
47 silly install resolved      { abbrev: '^1.0.5',
47 silly install resolved        archy: '1.0.0',
47 silly install resolved        'bower-config': '^0.6.1',
47 silly install resolved        'bower-endpoint-parser': '^0.2.2',
47 silly install resolved        'bower-json': '^0.4.0',
47 silly install resolved        'bower-logger': '^0.2.2',
47 silly install resolved        'bower-registry-client': '^0.3.0',
47 silly install resolved        cardinal: '0.4.4',
47 silly install resolved        chalk: '^1.0.0',
47 silly install resolved        chmodr: '0.1.0',
47 silly install resolved        configstore: '^0.3.2',
47 silly install resolved        'decompress-zip': '^0.1.0',
47 silly install resolved        'deep-sort-object': '~0.1.1',
47 silly install resolved        fstream: '^1.0.3',
47 silly install resolved        'fstream-ignore': '^1.0.2',
47 silly install resolved        github: '^0.2.3',
47 silly install resolved        glob: '^4.3.2',
47 silly install resolved        'graceful-fs': '^3.0.5',
47 silly install resolved        handlebars: '^2.0.0',
47 silly install resolved        inquirer: '0.8.0',
47 silly install resolved        insight: '^0.5.0',
47 silly install resolved        'is-root': '^1.0.0',
47 silly install resolved        junk: '^1.0.0',
47 silly install resolved        lockfile: '^1.0.0',
47 silly install resolved        'lru-cache': '^2.5.0',
47 silly install resolved        mkdirp: '0.5.0',
47 silly install resolved        mout: '^0.11.0',
47 silly install resolved        nopt: '^3.0.1',
47 silly install resolved        opn: '^1.0.1',
47 silly install resolved        'p-throttler': '0.1.1',
47 silly install resolved        promptly: '0.2.0',
47 silly install resolved        q: '^1.1.2',
47 silly install resolved        request: '2.53.0',
47 silly install resolved        'request-progress': '0.3.1',
47 silly install resolved        retry: '0.6.1',
47 silly install resolved        rimraf: '^2.2.8',
47 silly install resolved        semver: '^2.3.0',
47 silly install resolved        'shell-quote': '^1.4.2',
47 silly install resolved        'stringify-object': '^1.0.0',
47 silly install resolved        'tar-fs': '^1.4.1',
47 silly install resolved        tmp: '0.0.24',
47 silly install resolved        'update-notifier': '^0.3.0',
47 silly install resolved        'user-home': '^1.1.0',
47 silly install resolved        which: '^1.0.8' },
47 silly install resolved     devDependencies:
47 silly install resolved      { chai: '^1.10.0',
47 silly install resolved        coveralls: '^2.11.2',
47 silly install resolved        'expect.js': '^0.3.1',
47 silly install resolved        grunt: '^0.4.5',
47 silly install resolved        'grunt-cli': '^0.1.13',
47 silly install resolved        'grunt-contrib-jshint': '^0.10.0',
47 silly install resolved        'grunt-contrib-watch': '^0.6.1',
47 silly install resolved        'grunt-exec': '^0.4.6',
47 silly install resolved        'grunt-simple-mocha': '^0.4.0',
47 silly install resolved        istanbul: '^0.3.5',
47 silly install resolved        'load-grunt-tasks': '^2.0.0',
47 silly install resolved        mocha: '^2.1.0',
47 silly install resolved        multiline: '^1.0.2',
47 silly install resolved        nock: '^0.56.0',
47 silly install resolved        'node-uuid': '^1.4.2',
47 silly install resolved        proxyquire: '^1.3.0',
47 silly install resolved        'spawn-sync': '^1.0.5' },
47 silly install resolved     scripts: { test: 'grunt test' },
47 silly install resolved     bin: { bower: 'bin/bower' },
47 silly install resolved     files: [ 'bin', 'lib', 'templates' ],
47 silly install resolved     gitHead: '64d990ba102c8491c474dd99605b9a9725e62cbb',
47 silly install resolved     bugs: { url: 'https://github.com/bower/bower/issues' },
47 silly install resolved     _id: 'bower@1.5.2',
47 silly install resolved     _shasum: 'be291d6c36f1740779abff1c61aca5633e265327',
47 silly install resolved     _from: 'bower@*',
47 silly install resolved     _npmVersion: '2.11.3',
47 silly install resolved     _nodeVersion: '0.12.7',
47 silly install resolved     _npmUser: { name: 'sheerun', email: 'sheerun@sher.pl' },
47 silly install resolved     dist:
47 silly install resolved      { shasum: 'be291d6c36f1740779abff1c61aca5633e265327',
47 silly install resolved        tarball: 'http://registry.npmjs.org/bower/-/bower-1.5.2.tgz' },
47 silly install resolved     maintainers: [ [Object], [Object], [Object], [Object], [Object], [Object] ],
47 silly install resolved     directories: {},
47 silly install resolved     _resolved: 'https://registry.npmjs.org/bower/-/bower-1.5.2.tgz' } ]
48 info install bower@1.5.2 into C:\Users\Dhaval\AppData\Roaming\npm
49 info installOne bower@1.5.2
50 verbose installOne of bower to C:\Users\Dhaval\AppData\Roaming\npm not in flight; installing
51 verbose makeDirectory C:\Users\Dhaval\AppData\Roaming\npm-cache\_locks creation not in flight; initializing
52 verbose makeCacheDir UID & GID are irrelevant on win32
53 verbose lock using C:\Users\Dhaval\AppData\Roaming\npm-cache\_locks\bower-d4e0893c55ebfb98.lock for C:\Users\Dhaval\AppData\Roaming\npm\node_modules\bower
54 silly install write writing bower 1.5.2 to C:\Users\Dhaval\AppData\Roaming\npm\node_modules\bower
55 verbose unbuild node_modules\bower
56 silly gentlyRm C:\Users\Dhaval\AppData\Roaming\npm\node_modules\bower is being purged from base C:\Users\Dhaval\AppData\Roaming\npm
57 verbose gentlyRm don't care about contents; nuking C:\Users\Dhaval\AppData\Roaming\npm\node_modules\bower
58 verbose tar unpack C:\Users\Dhaval\AppData\Roaming\npm-cache\bower\1.5.2\package.tgz
59 verbose tar unpacking to C:\Users\Dhaval\AppData\Roaming\npm\node_modules\bower
60 silly gentlyRm C:\Users\Dhaval\AppData\Roaming\npm\node_modules\bower is being purged
61 verbose gentlyRm don't care about contents; nuking C:\Users\Dhaval\AppData\Roaming\npm\node_modules\bower
62 silly gunzTarPerm modes [ '777', '666' ]
63 silly gunzTarPerm extractEntry package.json
64 silly gunzTarPerm modified mode [ 'package.json', 420, 438 ]
65 silly gunzTarPerm extractEntry README.md
66 silly gunzTarPerm modified mode [ 'README.md', 420, 438 ]
67 silly gunzTarPerm extractEntry LICENSE
68 silly gunzTarPerm modified mode [ 'LICENSE', 420, 438 ]
69 silly gunzTarPerm extractEntry CHANGELOG.md
70 silly gunzTarPerm modified mode [ 'CHANGELOG.md', 420, 438 ]
71 silly gunzTarPerm extractEntry bin/bower
72 silly gunzTarPerm modified mode [ 'bin/bower', 493, 511 ]
73 silly gunzTarPerm extractEntry lib/config.js
74 silly gunzTarPerm modified mode [ 'lib/config.js', 420, 438 ]
75 silly gunzTarPerm extractEntry lib/index.js
76 silly gunzTarPerm modified mode [ 'lib/index.js', 420, 438 ]
77 silly gunzTarPerm extractEntry lib/commands/version.js
78 silly gunzTarPerm modified mode [ 'lib/commands/version.js', 420, 438 ]
79 silly gunzTarPerm extractEntry lib/commands/init.js
80 silly gunzTarPerm modified mode [ 'lib/commands/init.js', 420, 438 ]
81 silly gunzTarPerm extractEntry lib/commands/install.js
82 silly gunzTarPerm modified mode [ 'lib/commands/install.js', 420, 438 ]
83 silly gunzTarPerm extractEntry lib/commands/link.js
84 silly gunzTarPerm modified mode [ 'lib/commands/link.js', 420, 438 ]
85 silly gunzTarPerm extractEntry lib/commands/list.js
86 silly gunzTarPerm modified mode [ 'lib/commands/list.js', 420, 438 ]
87 silly gunzTarPerm extractEntry lib/commands/info.js
88 silly gunzTarPerm modified mode [ 'lib/commands/info.js', 420, 438 ]
89 silly gunzTarPerm extractEntry lib/commands/lookup.js
90 silly gunzTarPerm modified mode [ 'lib/commands/lookup.js', 420, 438 ]
91 silly gunzTarPerm extractEntry lib/commands/prune.js
92 silly gunzTarPerm modified mode [ 'lib/commands/prune.js', 420, 438 ]
93 silly gunzTarPerm extractEntry lib/commands/register.js
94 silly gunzTarPerm modified mode [ 'lib/commands/register.js', 420, 438 ]
95 silly gunzTarPerm extractEntry lib/commands/search.js
96 silly gunzTarPerm modified mode [ 'lib/commands/search.js', 420, 438 ]
97 silly gunzTarPerm extractEntry lib/commands/uninstall.js
98 silly gunzTarPerm modified mode [ 'lib/commands/uninstall.js', 420, 438 ]
99 silly gunzTarPerm extractEntry lib/commands/index.js
100 silly gunzTarPerm modified mode [ 'lib/commands/index.js', 420, 438 ]
101 silly gunzTarPerm extractEntry lib/commands/unregister.js
102 silly gunzTarPerm modified mode [ 'lib/commands/unregister.js', 420, 438 ]
103 silly gunzTarPerm extractEntry lib/commands/home.js
104 silly gunzTarPerm modified mode [ 'lib/commands/home.js', 420, 438 ]
105 silly gunzTarPerm extractEntry lib/commands/update.js
106 silly gunzTarPerm modified mode [ 'lib/commands/update.js', 420, 438 ]
107 silly gunzTarPerm extractEntry lib/commands/help.js
108 silly gunzTarPerm modified mode [ 'lib/commands/help.js', 420, 438 ]
109 silly gunzTarPerm extractEntry lib/commands/login.js
110 silly gunzTarPerm modified mode [ 'lib/commands/login.js', 420, 438 ]
111 silly gunzTarPerm extractEntry lib/commands/cache/clean.js
112 silly gunzTarPerm modified mode [ 'lib/commands/cache/clean.js', 420, 438 ]
113 silly gunzTarPerm extractEntry lib/commands/cache/list.js
114 silly gunzTarPerm modified mode [ 'lib/commands/cache/list.js', 420, 438 ]
115 silly gunzTarPerm extractEntry lib/core/Manager.js
116 silly gunzTarPerm modified mode [ 'lib/core/Manager.js', 420, 438 ]
117 silly gunzTarPerm extractEntry lib/core/PackageRepository.js
118 silly gunzTarPerm modified mode [ 'lib/core/PackageRepository.js', 420, 438 ]
119 silly gunzTarPerm extractEntry lib/core/Project.js
120 silly gunzTarPerm modified mode [ 'lib/core/Project.js', 420, 438 ]
121 silly gunzTarPerm extractEntry lib/core/ResolveCache.js
122 silly gunzTarPerm modified mode [ 'lib/core/ResolveCache.js', 420, 438 ]
123 silly gunzTarPerm extractEntry lib/core/resolverFactory.js
124 silly gunzTarPerm modified mode [ 'lib/core/resolverFactory.js', 420, 438 ]
125 silly gunzTarPerm extractEntry lib/core/scripts.js
126 silly gunzTarPerm modified mode [ 'lib/core/scripts.js', 420, 438 ]
127 silly gunzTarPerm extractEntry lib/core/resolvers/FsResolver.js
128 silly gunzTarPerm modified mode [ 'lib/core/resolvers/FsResolver.js', 420, 438 ]
129 silly gunzTarPerm extractEntry lib/core/resolvers/GitFsResolver.js
130 silly gunzTarPerm modified mode [ 'lib/core/resolvers/GitFsResolver.js', 420, 438 ]
131 silly gunzTarPerm extractEntry lib/core/resolvers/GitHubResolver.js
132 silly gunzTarPerm modified mode [ 'lib/core/resolvers/GitHubResolver.js', 420, 438 ]
133 silly gunzTarPerm extractEntry lib/core/resolvers/GitRemoteResolver.js
134 silly gunzTarPerm modified mode [ 'lib/core/resolvers/GitRemoteResolver.js', 420, 438 ]
135 silly gunzTarPerm extractEntry lib/core/resolvers/GitResolver.js
136 silly gunzTarPerm modified mode [ 'lib/core/resolvers/GitResolver.js', 420, 438 ]
137 silly gunzTarPerm extractEntry lib/core/resolvers/Resolver.js
138 silly gunzTarPerm modified mode [ 'lib/core/resolvers/Resolver.js', 420, 438 ]
139 silly gunzTarPerm extractEntry lib/core/resolvers/SvnResolver.js
140 silly gunzTarPerm modified mode [ 'lib/core/resolvers/SvnResolver.js', 420, 438 ]
141 silly gunzTarPerm extractEntry lib/core/resolvers/UrlResolver.js
142 silly gunzTarPerm modified mode [ 'lib/core/resolvers/UrlResolver.js', 420, 438 ]
143 silly gunzTarPerm extractEntry lib/core/resolvers/index.js
144 silly gunzTarPerm modified mode [ 'lib/core/resolvers/index.js', 420, 438 ]
145 silly gunzTarPerm extractEntry lib/core/resolvers/pluginResolverFactory.js
146 silly gunzTarPerm modified mode [ 'lib/core/resolvers/pluginResolverFactory.js', 420, 438 ]
147 silly gunzTarPerm extractEntry lib/renderers/JsonRenderer.js
148 silly gunzTarPerm modified mode [ 'lib/renderers/JsonRenderer.js', 420, 438 ]
149 silly gunzTarPerm extractEntry lib/renderers/StandardRenderer.js
150 silly gunzTarPerm modified mode [ 'lib/renderers/StandardRenderer.js', 420, 438 ]
151 silly gunzTarPerm extractEntry lib/renderers/index.js
152 silly gunzTarPerm modified mode [ 'lib/renderers/index.js', 420, 438 ]
153 silly gunzTarPerm extractEntry lib/util/analytics.js
154 silly gunzTarPerm modified mode [ 'lib/util/analytics.js', 420, 438 ]
155 silly gunzTarPerm extractEntry lib/util/createError.js
156 silly gunzTarPerm modified mode [ 'lib/util/createError.js', 420, 438 ]
157 silly gunzTarPerm extractEntry lib/util/createLink.js
158 silly gunzTarPerm modified mode [ 'lib/util/createLink.js', 420, 438 ]
159 silly gunzTarPerm extractEntry lib/util/download.js
160 silly gunzTarPerm modified mode [ 'lib/util/download.js', 420, 438 ]
161 silly gunzTarPerm extractEntry lib/util/copy.js
162 silly gunzTarPerm modified mode [ 'lib/util/copy.js', 420, 438 ]
163 silly gunzTarPerm extractEntry lib/util/md5.js
164 silly gunzTarPerm modified mode [ 'lib/util/md5.js', 420, 438 ]
165 silly gunzTarPerm extractEntry lib/util/readJson.js
166 silly gunzTarPerm modified mode [ 'lib/util/readJson.js', 420, 438 ]
167 silly gunzTarPerm extractEntry lib/util/removeIgnores.js
168 silly gunzTarPerm modified mode [ 'lib/util/removeIgnores.js', 420, 438 ]
169 silly gunzTarPerm extractEntry lib/util/rootCheck.js
170 silly gunzTarPerm modified mode [ 'lib/util/rootCheck.js', 420, 438 ]
171 silly gunzTarPerm extractEntry lib/util/semver.js
172 silly gunzTarPerm modified mode [ 'lib/util/semver.js', 420, 438 ]
173 silly gunzTarPerm extractEntry lib/util/cmd.js
174 silly gunzTarPerm modified mode [ 'lib/util/cmd.js', 420, 438 ]
175 silly gunzTarPerm extractEntry lib/util/template.js
176 silly gunzTarPerm modified mode [ 'lib/util/template.js', 420, 438 ]
177 silly gunzTarPerm extractEntry lib/util/cli.js
178 silly gunzTarPerm modified mode [ 'lib/util/cli.js', 420, 438 ]
179 silly gunzTarPerm extractEntry lib/util/validLink.js
180 silly gunzTarPerm modified mode [ 'lib/util/validLink.js', 420, 438 ]
181 silly gunzTarPerm extractEntry lib/util/extract.js
182 silly gunzTarPerm modified mode [ 'lib/util/extract.js', 420, 438 ]
183 silly gunzTarPerm extractEntry templates/helpers/colors.js
184 silly gunzTarPerm modified mode [ 'templates/helpers/colors.js', 420, 438 ]
185 silly gunzTarPerm extractEntry templates/helpers/condense.js
186 silly gunzTarPerm modified mode [ 'templates/helpers/condense.js', 420, 438 ]
187 silly gunzTarPerm extractEntry templates/helpers/indent.js
188 silly gunzTarPerm modified mode [ 'templates/helpers/indent.js', 420, 438 ]
189 silly gunzTarPerm extractEntry templates/helpers/index.js
190 silly gunzTarPerm modified mode [ 'templates/helpers/index.js', 420, 438 ]
191 silly gunzTarPerm extractEntry templates/helpers/rpad.js
192 silly gunzTarPerm modified mode [ 'templates/helpers/rpad.js', 420, 438 ]
193 silly gunzTarPerm extractEntry templates/helpers/sum.js
194 silly gunzTarPerm modified mode [ 'templates/helpers/sum.js', 420, 438 ]
195 silly gunzTarPerm extractEntry templates/json/help-lookup.json
196 silly gunzTarPerm modified mode [ 'templates/json/help-lookup.json', 420, 438 ]
197 silly gunzTarPerm extractEntry templates/json/help-cache/clean.json
198 silly gunzTarPerm modified mode [ 'templates/json/help-cache/clean.json', 420, 438 ]
199 silly gunzTarPerm extractEntry templates/json/help-cache/list.json
200 silly gunzTarPerm modified mode [ 'templates/json/help-cache/list.json', 420, 438 ]
201 silly gunzTarPerm extractEntry templates/json/help-home.json
202 silly gunzTarPerm modified mode [ 'templates/json/help-home.json', 420, 438 ]
203 silly gunzTarPerm extractEntry templates/json/help-info.json
204 silly gunzTarPerm modified mode [ 'templates/json/help-info.json', 420, 438 ]
205 silly gunzTarPerm extractEntry templates/json/help-init.json
206 silly gunzTarPerm modified mode [ 'templates/json/help-init.json', 420, 438 ]
207 silly gunzTarPerm extractEntry templates/json/help-install.json
208 silly gunzTarPerm modified mode [ 'templates/json/help-install.json', 420, 438 ]
209 silly gunzTarPerm extractEntry templates/json/help-link.json
210 silly gunzTarPerm modified mode [ 'templates/json/help-link.json', 420, 438 ]
211 silly gunzTarPerm extractEntry templates/json/help-list.json
212 silly gunzTarPerm modified mode [ 'templates/json/help-list.json', 420, 438 ]
213 silly gunzTarPerm extractEntry templates/json/help-login.json
214 silly gunzTarPerm modified mode [ 'templates/json/help-login.json', 420, 438 ]
215 silly gunzTarPerm extractEntry templates/json/help-cache.json
216 silly gunzTarPerm modified mode [ 'templates/json/help-cache.json', 420, 438 ]
217 silly gunzTarPerm extractEntry templates/json/help-prune.json
218 silly gunzTarPerm modified mode [ 'templates/json/help-prune.json', 420, 438 ]
219 silly gunzTarPerm extractEntry templates/json/help-register.json
220 silly gunzTarPerm modified mode [ 'templates/json/help-register.json', 420, 438 ]
221 silly gunzTarPerm extractEntry templates/json/help-search.json
222 silly gunzTarPerm modified mode [ 'templates/json/help-search.json', 420, 438 ]
223 silly gunzTarPerm extractEntry templates/json/help-uninstall.json
224 silly gunzTarPerm modified mode [ 'templates/json/help-uninstall.json', 420, 438 ]
225 silly gunzTarPerm extractEntry templates/json/help-unregister.json
226 silly gunzTarPerm modified mode [ 'templates/json/help-unregister.json', 420, 438 ]
227 silly gunzTarPerm extractEntry templates/json/help-update.json
228 silly gunzTarPerm modified mode [ 'templates/json/help-update.json', 420, 438 ]
229 silly gunzTarPerm extractEntry templates/json/help-version.json
230 silly gunzTarPerm modified mode [ 'templates/json/help-version.json', 420, 438 ]
231 silly gunzTarPerm extractEntry templates/json/help.json
232 silly gunzTarPerm modified mode [ 'templates/json/help.json', 420, 438 ]
233 silly gunzTarPerm extractEntry templates/std/conflict-resolved.std
234 silly gunzTarPerm modified mode [ 'templates/std/conflict-resolved.std', 420, 438 ]
235 silly gunzTarPerm extractEntry templates/std/conflict.std
236 silly gunzTarPerm modified mode [ 'templates/std/conflict.std', 420, 438 ]
237 silly gunzTarPerm extractEntry templates/std/help-cache.std
238 silly gunzTarPerm modified mode [ 'templates/std/help-cache.std', 420, 438 ]
239 silly gunzTarPerm extractEntry templates/std/help-generic.std
240 silly gunzTarPerm modified mode [ 'templates/std/help-generic.std', 420, 438 ]
241 silly gunzTarPerm extractEntry templates/std/help.std
242 silly gunzTarPerm modified mode [ 'templates/std/help.std', 420, 438 ]
243 silly gunzTarPerm extractEntry templates/std/info.std
244 silly gunzTarPerm modified mode [ 'templates/std/info.std', 420, 438 ]
245 silly gunzTarPerm extractEntry templates/std/lookup.std
246 silly gunzTarPerm modified mode [ 'templates/std/lookup.std', 420, 438 ]
247 silly gunzTarPerm extractEntry templates/std/register.std
248 silly gunzTarPerm modified mode [ 'templates/std/register.std', 420, 438 ]
249 silly gunzTarPerm extractEntry templates/std/search-results.std
250 silly gunzTarPerm modified mode [ 'templates/std/search-results.std', 420, 438 ]
251 verbose write writing to C:\Users\Dhaval\AppData\Roaming\npm\node_modules\bower\package.json
252 info preinstall bower@1.5.2
253 verbose readDependencies loading dependencies from C:\Users\Dhaval\AppData\Roaming\npm\node_modules\bower\package.json
254 silly prepareForInstallMany adding abbrev@^1.0.5 from bower dependencies
255 silly prepareForInstallMany adding archy@1.0.0 from bower dependencies
256 silly prepareForInstallMany adding bower-config@^0.6.1 from bower dependencies
257 silly prepareForInstallMany adding bower-endpoint-parser@^0.2.2 from bower dependencies
258 silly prepareForInstallMany adding bower-json@^0.4.0 from bower dependencies
259 silly prepareForInstallMany adding bower-logger@^0.2.2 from bower dependencies
260 silly prepareForInstallMany adding bower-registry-client@^0.3.0 from bower dependencies
261 silly prepareForInstallMany adding cardinal@0.4.4 from bower dependencies
262 silly prepareForInstallMany adding chalk@^1.0.0 from bower dependencies
263 silly prepareForInstallMany adding chmodr@0.1.0 from bower dependencies
264 silly prepareForInstallMany adding configstore@^0.3.2 from bower dependencies
265 silly prepareForInstallMany adding decompress-zip@^0.1.0 from bower dependencies
266 silly prepareForInstallMany adding deep-sort-object@~0.1.1 from bower dependencies
267 silly prepareForInstallMany adding fstream@^1.0.3 from bower dependencies
268 silly prepareForInstallMany adding fstream-ignore@^1.0.2 from bower dependencies
269 silly prepareForInstallMany adding github@^0.2.3 from bower dependencies
270 silly prepareForInstallMany adding glob@^4.3.2 from bower dependencies
271 silly prepareForInstallMany adding graceful-fs@^3.0.5 from bower dependencies
272 silly prepareForInstallMany adding handlebars@^2.0.0 from bower dependencies
273 silly prepareForInstallMany adding inquirer@0.8.0 from bower dependencies
274 silly prepareForInstallMany adding insight@^0.5.0 from bower dependencies
275 silly prepareForInstallMany adding is-root@^1.0.0 from bower dependencies
276 silly prepareForInstallMany adding junk@^1.0.0 from bower dependencies
277 silly prepareForInstallMany adding lockfile@^1.0.0 from bower dependencies
278 silly prepareForInstallMany adding lru-cache@^2.5.0 from bower dependencies
279 silly prepareForInstallMany adding mkdirp@0.5.0 from bower dependencies
280 silly prepareForInstallMany adding mout@^0.11.0 from bower dependencies
281 silly prepareForInstallMany adding nopt@^3.0.1 from bower dependencies
282 silly prepareForInstallMany adding opn@^1.0.1 from bower dependencies
283 silly prepareForInstallMany adding p-throttler@0.1.1 from bower dependencies
284 silly prepareForInstallMany adding promptly@0.2.0 from bower dependencies
285 silly prepareForInstallMany adding q@^1.1.2 from bower dependencies
286 silly prepareForInstallMany adding request@2.53.0 from bower dependencies
287 silly prepareForInstallMany adding request-progress@0.3.1 from bower dependencies
288 silly prepareForInstallMany adding retry@0.6.1 from bower dependencies
289 silly prepareForInstallMany adding rimraf@^2.2.8 from bower dependencies
290 silly prepareForInstallMany adding semver@^2.3.0 from bower dependencies
291 silly prepareForInstallMany adding shell-quote@^1.4.2 from bower dependencies
292 silly prepareForInstallMany adding stringify-object@^1.0.0 from bower dependencies
293 silly prepareForInstallMany adding tar-fs@^1.4.1 from bower dependencies
294 silly prepareForInstallMany adding tmp@0.0.24 from bower dependencies
295 silly prepareForInstallMany adding update-notifier@^0.3.0 from bower dependencies
296 silly prepareForInstallMany adding user-home@^1.1.0 from bower dependencies
297 silly prepareForInstallMany adding which@^1.0.8 from bower dependencies
298 verbose readDependencies loading dependencies from C:\Users\Dhaval\AppData\Roaming\npm\node_modules\bower\package.json
299 silly cache add args [ 'bower-json@^0.4.0', null ]
300 verbose cache add spec bower-json@^0.4.0
301 silly cache add parsed spec { raw: 'bower-json@^0.4.0',
301 silly cache add   scope: null,
301 silly cache add   name: 'bower-json',
301 silly cache add   rawSpec: '^0.4.0',
301 silly cache add   spec: '>=0.4.0 <0.5.0',
301 silly cache add   type: 'range' }
302 silly addNamed bower-json@>=0.4.0 <0.5.0
303 verbose addNamed ">=0.4.0 <0.5.0" is a valid semver range for bower-json
304 silly addNameRange { name: 'bower-json', range: '>=0.4.0 <0.5.0', hasData: false }
305 silly mapToRegistry name bower-json
306 silly mapToRegistry using default registry
307 silly mapToRegistry registry https://registry.npmjs.org/
308 silly mapToRegistry uri https://registry.npmjs.org/bower-json
309 verbose addNameRange registry:https://registry.npmjs.org/bower-json not in flight; fetching
310 silly cache add args [ 'bower-logger@^0.2.2', null ]
311 verbose cache add spec bower-logger@^0.2.2
312 silly cache add parsed spec { raw: 'bower-logger@^0.2.2',
312 silly cache add   scope: null,
312 silly cache add   name: 'bower-logger',
312 silly cache add   rawSpec: '^0.2.2',
312 silly cache add   spec: '>=0.2.2 <0.3.0',
312 silly cache add   type: 'range' }
313 silly addNamed bower-logger@>=0.2.2 <0.3.0
314 verbose addNamed ">=0.2.2 <0.3.0" is a valid semver range for bower-logger
315 silly addNameRange { name: 'bower-logger', range: '>=0.2.2 <0.3.0', hasData: false }
316 silly mapToRegistry name bower-logger
317 silly mapToRegistry using default registry
318 silly mapToRegistry registry https://registry.npmjs.org/
319 silly mapToRegistry uri https://registry.npmjs.org/bower-logger
320 verbose addNameRange registry:https://registry.npmjs.org/bower-logger not in flight; fetching
321 silly cache add args [ 'bower-registry-client@^0.3.0', null ]
322 verbose cache add spec bower-registry-client@^0.3.0
323 silly cache add parsed spec { raw: 'bower-registry-client@^0.3.0',
323 silly cache add   scope: null,
323 silly cache add   name: 'bower-registry-client',
323 silly cache add   rawSpec: '^0.3.0',
323 silly cache add   spec: '>=0.3.0 <0.4.0',
323 silly cache add   type: 'range' }
324 silly addNamed bower-registry-client@>=0.3.0 <0.4.0
325 verbose addNamed ">=0.3.0 <0.4.0" is a valid semver range for bower-registry-client
326 silly addNameRange { name: 'bower-registry-client',
326 silly addNameRange   range: '>=0.3.0 <0.4.0',
326 silly addNameRange   hasData: false }
327 silly mapToRegistry name bower-registry-client
328 silly mapToRegistry using default registry
329 silly mapToRegistry registry https://registry.npmjs.org/
330 silly mapToRegistry uri https://registry.npmjs.org/bower-registry-client
331 verbose addNameRange registry:https://registry.npmjs.org/bower-registry-client not in flight; fetching
332 silly cache add args [ 'cardinal@0.4.4', null ]
333 verbose cache add spec cardinal@0.4.4
334 silly cache add parsed spec { raw: 'cardinal@0.4.4',
334 silly cache add   scope: null,
334 silly cache add   name: 'cardinal',
334 silly cache add   rawSpec: '0.4.4',
334 silly cache add   spec: '0.4.4',
334 silly cache add   type: 'version' }
335 silly addNamed cardinal@0.4.4
336 verbose addNamed "0.4.4" is a plain semver version for cardinal
337 silly mapToRegistry name cardinal
338 silly mapToRegistry using default registry
339 silly mapToRegistry registry https://registry.npmjs.org/
340 silly mapToRegistry uri https://registry.npmjs.org/cardinal
341 verbose addNameVersion registry:https://registry.npmjs.org/cardinal not in flight; fetching
342 silly cache add args [ 'chalk@^1.0.0', null ]
343 verbose cache add spec chalk@^1.0.0
344 silly cache add parsed spec { raw: 'chalk@^1.0.0',
344 silly cache add   scope: null,
344 silly cache add   name: 'chalk',
344 silly cache add   rawSpec: '^1.0.0',
344 silly cache add   spec: '>=1.0.0 <2.0.0',
344 silly cache add   type: 'range' }
345 silly addNamed chalk@>=1.0.0 <2.0.0
346 verbose addNamed ">=1.0.0 <2.0.0" is a valid semver range for chalk
347 silly addNameRange { name: 'chalk', range: '>=1.0.0 <2.0.0', hasData: false }
348 silly mapToRegistry name chalk
349 silly mapToRegistry using default registry
350 silly mapToRegistry registry https://registry.npmjs.org/
351 silly mapToRegistry uri https://registry.npmjs.org/chalk
352 verbose addNameRange registry:https://registry.npmjs.org/chalk not in flight; fetching
353 silly cache add args [ 'chmodr@0.1.0', null ]
354 verbose cache add spec chmodr@0.1.0
355 silly cache add parsed spec { raw: 'chmodr@0.1.0',
355 silly cache add   scope: null,
355 silly cache add   name: 'chmodr',
355 silly cache add   rawSpec: '0.1.0',
355 silly cache add   spec: '0.1.0',
355 silly cache add   type: 'version' }
356 silly addNamed chmodr@0.1.0
357 verbose addNamed "0.1.0" is a plain semver version for chmodr
358 silly mapToRegistry name chmodr
359 silly mapToRegistry using default registry
360 silly mapToRegistry registry https://registry.npmjs.org/
361 silly mapToRegistry uri https://registry.npmjs.org/chmodr
362 verbose addNameVersion registry:https://registry.npmjs.org/chmodr not in flight; fetching
363 silly cache add args [ 'configstore@^0.3.2', null ]
364 verbose cache add spec configstore@^0.3.2
365 silly cache add parsed spec { raw: 'configstore@^0.3.2',
365 silly cache add   scope: null,
365 silly cache add   name: 'configstore',
365 silly cache add   rawSpec: '^0.3.2',
365 silly cache add   spec: '>=0.3.2 <0.4.0',
365 silly cache add   type: 'range' }
366 silly addNamed configstore@>=0.3.2 <0.4.0
367 verbose addNamed ">=0.3.2 <0.4.0" is a valid semver range for configstore
368 silly addNameRange { name: 'configstore', range: '>=0.3.2 <0.4.0', hasData: false }
369 silly mapToRegistry name configstore
370 silly mapToRegistry using default registry
371 silly mapToRegistry registry https://registry.npmjs.org/
372 silly mapToRegistry uri https://registry.npmjs.org/configstore
373 verbose addNameRange registry:https://registry.npmjs.org/configstore not in flight; fetching
374 silly cache add args [ 'decompress-zip@^0.1.0', null ]
375 verbose cache add spec decompress-zip@^0.1.0
376 silly cache add parsed spec { raw: 'decompress-zip@^0.1.0',
376 silly cache add   scope: null,
376 silly cache add   name: 'decompress-zip',
376 silly cache add   rawSpec: '^0.1.0',
376 silly cache add   spec: '>=0.1.0 <0.2.0',
376 silly cache add   type: 'range' }
377 silly addNamed decompress-zip@>=0.1.0 <0.2.0
378 verbose addNamed ">=0.1.0 <0.2.0" is a valid semver range for decompress-zip
379 silly addNameRange { name: 'decompress-zip',
379 silly addNameRange   range: '>=0.1.0 <0.2.0',
379 silly addNameRange   hasData: false }
380 silly mapToRegistry name decompress-zip
381 silly mapToRegistry using default registry
382 silly mapToRegistry registry https://registry.npmjs.org/
383 silly mapToRegistry uri https://registry.npmjs.org/decompress-zip
384 verbose addNameRange registry:https://registry.npmjs.org/decompress-zip not in flight; fetching
385 silly cache add args [ 'deep-sort-object@~0.1.1', null ]
386 verbose cache add spec deep-sort-object@~0.1.1
387 silly cache add parsed spec { raw: 'deep-sort-object@~0.1.1',
387 silly cache add   scope: null,
387 silly cache add   name: 'deep-sort-object',
387 silly cache add   rawSpec: '~0.1.1',
387 silly cache add   spec: '>=0.1.1 <0.2.0',
387 silly cache add   type: 'range' }
388 silly addNamed deep-sort-object@>=0.1.1 <0.2.0
389 verbose addNamed ">=0.1.1 <0.2.0" is a valid semver range for deep-sort-object
390 silly addNameRange { name: 'deep-sort-object',
390 silly addNameRange   range: '>=0.1.1 <0.2.0',
390 silly addNameRange   hasData: false }
391 silly mapToRegistry name deep-sort-object
392 silly mapToRegistry using default registry
393 silly mapToRegistry registry https://registry.npmjs.org/
394 silly mapToRegistry uri https://registry.npmjs.org/deep-sort-object
395 verbose addNameRange registry:https://registry.npmjs.org/deep-sort-object not in flight; fetching
396 silly cache add args [ 'fstream@^1.0.3', null ]
397 verbose cache add spec fstream@^1.0.3
398 silly cache add parsed spec { raw: 'fstream@^1.0.3',
398 silly cache add   scope: null,
398 silly cache add   name: 'fstream',
398 silly cache add   rawSpec: '^1.0.3',
398 silly cache add   spec: '>=1.0.3 <2.0.0',
398 silly cache add   type: 'range' }
399 silly addNamed fstream@>=1.0.3 <2.0.0
400 verbose addNamed ">=1.0.3 <2.0.0" is a valid semver range for fstream
401 silly addNameRange { name: 'fstream', range: '>=1.0.3 <2.0.0', hasData: false }
402 silly mapToRegistry name fstream
403 silly mapToRegistry using default registry
404 silly mapToRegistry registry https://registry.npmjs.org/
405 silly mapToRegistry uri https://registry.npmjs.org/fstream
406 verbose addNameRange registry:https://registry.npmjs.org/fstream not in flight; fetching
407 silly cache add args [ 'fstream-ignore@^1.0.2', null ]
408 verbose cache add spec fstream-ignore@^1.0.2
409 silly cache add parsed spec { raw: 'fstream-ignore@^1.0.2',
409 silly cache add   scope: null,
409 silly cache add   name: 'fstream-ignore',
409 silly cache add   rawSpec: '^1.0.2',
409 silly cache add   spec: '>=1.0.2 <2.0.0',
409 silly cache add   type: 'range' }
410 silly addNamed fstream-ignore@>=1.0.2 <2.0.0
411 verbose addNamed ">=1.0.2 <2.0.0" is a valid semver range for fstream-ignore
412 silly addNameRange { name: 'fstream-ignore',
412 silly addNameRange   range: '>=1.0.2 <2.0.0',
412 silly addNameRange   hasData: false }
413 silly mapToRegistry name fstream-ignore
414 silly mapToRegistry using default registry
415 silly mapToRegistry registry https://registry.npmjs.org/
416 silly mapToRegistry uri https://registry.npmjs.org/fstream-ignore
417 verbose addNameRange registry:https://registry.npmjs.org/fstream-ignore not in flight; fetching
418 silly cache add args [ 'github@^0.2.3', null ]
419 verbose cache add spec github@^0.2.3
420 silly cache add parsed spec { raw: 'github@^0.2.3',
420 silly cache add   scope: null,
420 silly cache add   name: 'github',
420 silly cache add   rawSpec: '^0.2.3',
420 silly cache add   spec: '>=0.2.3 <0.3.0',
420 silly cache add   type: 'range' }
421 silly addNamed github@>=0.2.3 <0.3.0
422 verbose addNamed ">=0.2.3 <0.3.0" is a valid semver range for github
423 silly addNameRange { name: 'github', range: '>=0.2.3 <0.3.0', hasData: false }
424 silly mapToRegistry name github
425 silly mapToRegistry using default registry
426 silly mapToRegistry registry https://registry.npmjs.org/
427 silly mapToRegistry uri https://registry.npmjs.org/github
428 verbose addNameRange registry:https://registry.npmjs.org/github not in flight; fetching
429 silly cache add args [ 'glob@^4.3.2', null ]
430 verbose cache add spec glob@^4.3.2
431 silly cache add parsed spec { raw: 'glob@^4.3.2',
431 silly cache add   scope: null,
431 silly cache add   name: 'glob',
431 silly cache add   rawSpec: '^4.3.2',
431 silly cache add   spec: '>=4.3.2 <5.0.0',
431 silly cache add   type: 'range' }
432 silly addNamed glob@>=4.3.2 <5.0.0
433 verbose addNamed ">=4.3.2 <5.0.0" is a valid semver range for glob
434 silly addNameRange { name: 'glob', range: '>=4.3.2 <5.0.0', hasData: false }
435 silly mapToRegistry name glob
436 silly mapToRegistry using default registry
437 silly mapToRegistry registry https://registry.npmjs.org/
438 silly mapToRegistry uri https://registry.npmjs.org/glob
439 verbose addNameRange registry:https://registry.npmjs.org/glob not in flight; fetching
440 silly cache add args [ 'graceful-fs@^3.0.5', null ]
441 verbose cache add spec graceful-fs@^3.0.5
442 silly cache add parsed spec { raw: 'graceful-fs@^3.0.5',
442 silly cache add   scope: null,
442 silly cache add   name: 'graceful-fs',
442 silly cache add   rawSpec: '^3.0.5',
442 silly cache add   spec: '>=3.0.5 <4.0.0',
442 silly cache add   type: 'range' }
443 silly addNamed graceful-fs@>=3.0.5 <4.0.0
444 verbose addNamed ">=3.0.5 <4.0.0" is a valid semver range for graceful-fs
445 silly addNameRange { name: 'graceful-fs', range: '>=3.0.5 <4.0.0', hasData: false }
446 silly mapToRegistry name graceful-fs
447 silly mapToRegistry using default registry
448 silly mapToRegistry registry https://registry.npmjs.org/
449 silly mapToRegistry uri https://registry.npmjs.org/graceful-fs
450 verbose addNameRange registry:https://registry.npmjs.org/graceful-fs not in flight; fetching
451 silly cache add args [ 'handlebars@^2.0.0', null ]
452 verbose cache add spec handlebars@^2.0.0
453 silly cache add parsed spec { raw: 'handlebars@^2.0.0',
453 silly cache add   scope: null,
453 silly cache add   name: 'handlebars',
453 silly cache add   rawSpec: '^2.0.0',
453 silly cache add   spec: '>=2.0.0 <3.0.0',
453 silly cache add   type: 'range' }
454 silly addNamed handlebars@>=2.0.0 <3.0.0
455 verbose addNamed ">=2.0.0 <3.0.0" is a valid semver range for handlebars
456 silly addNameRange { name: 'handlebars', range: '>=2.0.0 <3.0.0', hasData: false }
457 silly mapToRegistry name handlebars
458 silly mapToRegistry using default registry
459 silly mapToRegistry registry https://registry.npmjs.org/
460 silly mapToRegistry uri https://registry.npmjs.org/handlebars
461 verbose addNameRange registry:https://registry.npmjs.org/handlebars not in flight; fetching
462 silly cache add args [ 'inquirer@0.8.0', null ]
463 verbose cache add spec inquirer@0.8.0
464 silly cache add parsed spec { raw: 'inquirer@0.8.0',
464 silly cache add   scope: null,
464 silly cache add   name: 'inquirer',
464 silly cache add   rawSpec: '0.8.0',
464 silly cache add   spec: '0.8.0',
464 silly cache add   type: 'version' }
465 silly addNamed inquirer@0.8.0
466 verbose addNamed "0.8.0" is a plain semver version for inquirer
467 silly mapToRegistry name inquirer
468 silly mapToRegistry using default registry
469 silly mapToRegistry registry https://registry.npmjs.org/
470 silly mapToRegistry uri https://registry.npmjs.org/inquirer
471 verbose addNameVersion registry:https://registry.npmjs.org/inquirer not in flight; fetching
472 silly cache add args [ 'insight@^0.5.0', null ]
473 verbose cache add spec insight@^0.5.0
474 silly cache add parsed spec { raw: 'insight@^0.5.0',
474 silly cache add   scope: null,
474 silly cache add   name: 'insight',
474 silly cache add   rawSpec: '^0.5.0',
474 silly cache add   spec: '>=0.5.0 <0.6.0',
474 silly cache add   type: 'range' }
475 silly addNamed insight@>=0.5.0 <0.6.0
476 verbose addNamed ">=0.5.0 <0.6.0" is a valid semver range for insight
477 silly addNameRange { name: 'insight', range: '>=0.5.0 <0.6.0', hasData: false }
478 silly mapToRegistry name insight
479 silly mapToRegistry using default registry
480 silly mapToRegistry registry https://registry.npmjs.org/
481 silly mapToRegistry uri https://registry.npmjs.org/insight
482 verbose addNameRange registry:https://registry.npmjs.org/insight not in flight; fetching
483 silly cache add args [ 'is-root@^1.0.0', null ]
484 verbose cache add spec is-root@^1.0.0
485 silly cache add parsed spec { raw: 'is-root@^1.0.0',
485 silly cache add   scope: null,
485 silly cache add   name: 'is-root',
485 silly cache add   rawSpec: '^1.0.0',
485 silly cache add   spec: '>=1.0.0 <2.0.0',
485 silly cache add   type: 'range' }
486 silly addNamed is-root@>=1.0.0 <2.0.0
487 verbose addNamed ">=1.0.0 <2.0.0" is a valid semver range for is-root
488 silly addNameRange { name: 'is-root', range: '>=1.0.0 <2.0.0', hasData: false }
489 silly mapToRegistry name is-root
490 silly mapToRegistry using default registry
491 silly mapToRegistry registry https://registry.npmjs.org/
492 silly mapToRegistry uri https://registry.npmjs.org/is-root
493 verbose addNameRange registry:https://registry.npmjs.org/is-root not in flight; fetching
494 silly cache add args [ 'junk@^1.0.0', null ]
495 verbose cache add spec junk@^1.0.0
496 silly cache add parsed spec { raw: 'junk@^1.0.0',
496 silly cache add   scope: null,
496 silly cache add   name: 'junk',
496 silly cache add   rawSpec: '^1.0.0',
496 silly cache add   spec: '>=1.0.0 <2.0.0',
496 silly cache add   type: 'range' }
497 silly addNamed junk@>=1.0.0 <2.0.0
498 verbose addNamed ">=1.0.0 <2.0.0" is a valid semver range for junk
499 silly addNameRange { name: 'junk', range: '>=1.0.0 <2.0.0', hasData: false }
500 silly mapToRegistry name junk
501 silly mapToRegistry using default registry
502 silly mapToRegistry registry https://registry.npmjs.org/
503 silly mapToRegistry uri https://registry.npmjs.org/junk
504 verbose addNameRange registry:https://registry.npmjs.org/junk not in flight; fetching
505 silly cache add args [ 'lockfile@^1.0.0', null ]
506 verbose cache add spec lockfile@^1.0.0
507 silly cache add parsed spec { raw: 'lockfile@^1.0.0',
507 silly cache add   scope: null,
507 silly cache add   name: 'lockfile',
507 silly cache add   rawSpec: '^1.0.0',
507 silly cache add   spec: '>=1.0.0 <2.0.0',
507 silly cache add   type: 'range' }
508 silly addNamed lockfile@>=1.0.0 <2.0.0
509 verbose addNamed ">=1.0.0 <2.0.0" is a valid semver range for lockfile
510 silly addNameRange { name: 'lockfile', range: '>=1.0.0 <2.0.0', hasData: false }
511 silly mapToRegistry name lockfile
512 silly mapToRegistry using default registry
513 silly mapToRegistry registry https://registry.npmjs.org/
514 silly mapToRegistry uri https://registry.npmjs.org/lockfile
515 verbose addNameRange registry:https://registry.npmjs.org/lockfile not in flight; fetching
516 silly cache add args [ 'lru-cache@^2.5.0', null ]
517 verbose cache add spec lru-cache@^2.5.0
518 silly cache add parsed spec { raw: 'lru-cache@^2.5.0',
518 silly cache add   scope: null,
518 silly cache add   name: 'lru-cache',
518 silly cache add   rawSpec: '^2.5.0',
518 silly cache add   spec: '>=2.5.0 <3.0.0',
518 silly cache add   type: 'range' }
519 silly addNamed lru-cache@>=2.5.0 <3.0.0
520 verbose addNamed ">=2.5.0 <3.0.0" is a valid semver range for lru-cache
521 silly addNameRange { name: 'lru-cache', range: '>=2.5.0 <3.0.0', hasData: false }
522 silly mapToRegistry name lru-cache
523 silly mapToRegistry using default registry
524 silly mapToRegistry registry https://registry.npmjs.org/
525 silly mapToRegistry uri https://registry.npmjs.org/lru-cache
526 verbose addNameRange registry:https://registry.npmjs.org/lru-cache not in flight; fetching
527 silly cache add args [ 'mkdirp@0.5.0', null ]
528 verbose cache add spec mkdirp@0.5.0
529 silly cache add parsed spec { raw: 'mkdirp@0.5.0',
529 silly cache add   scope: null,
529 silly cache add   name: 'mkdirp',
529 silly cache add   rawSpec: '0.5.0',
529 silly cache add   spec: '0.5.0',
529 silly cache add   type: 'version' }
530 silly addNamed mkdirp@0.5.0
531 verbose addNamed "0.5.0" is a plain semver version for mkdirp
532 silly mapToRegistry name mkdirp
533 silly mapToRegistry using default registry
534 silly mapToRegistry registry https://registry.npmjs.org/
535 silly mapToRegistry uri https://registry.npmjs.org/mkdirp
536 verbose addNameVersion registry:https://registry.npmjs.org/mkdirp not in flight; fetching
537 silly cache add args [ 'mout@^0.11.0', null ]
538 verbose cache add spec mout@^0.11.0
539 silly cache add parsed spec { raw: 'mout@^0.11.0',
539 silly cache add   scope: null,
539 silly cache add   name: 'mout',
539 silly cache add   rawSpec: '^0.11.0',
539 silly cache add   spec: '>=0.11.0 <0.12.0',
539 silly cache add   type: 'range' }
540 silly addNamed mout@>=0.11.0 <0.12.0
541 verbose addNamed ">=0.11.0 <0.12.0" is a valid semver range for mout
542 silly addNameRange { name: 'mout', range: '>=0.11.0 <0.12.0', hasData: false }
543 silly mapToRegistry name mout
544 silly mapToRegistry using default registry
545 silly mapToRegistry registry https://registry.npmjs.org/
546 silly mapToRegistry uri https://registry.npmjs.org/mout
547 verbose addNameRange registry:https://registry.npmjs.org/mout not in flight; fetching
548 silly cache add args [ 'nopt@^3.0.1', null ]
549 verbose cache add spec nopt@^3.0.1
550 silly cache add parsed spec { raw: 'nopt@^3.0.1',
550 silly cache add   scope: null,
550 silly cache add   name: 'nopt',
550 silly cache add   rawSpec: '^3.0.1',
550 silly cache add   spec: '>=3.0.1 <4.0.0',
550 silly cache add   type: 'range' }
551 silly addNamed nopt@>=3.0.1 <4.0.0
552 verbose addNamed ">=3.0.1 <4.0.0" is a valid semver range for nopt
553 silly addNameRange { name: 'nopt', range: '>=3.0.1 <4.0.0', hasData: false }
554 silly mapToRegistry name nopt
555 silly mapToRegistry using default registry
556 silly mapToRegistry registry https://registry.npmjs.org/
557 silly mapToRegistry uri https://registry.npmjs.org/nopt
558 verbose addNameRange registry:https://registry.npmjs.org/nopt not in flight; fetching
559 silly cache add args [ 'opn@^1.0.1', null ]
560 verbose cache add spec opn@^1.0.1
561 silly cache add parsed spec { raw: 'opn@^1.0.1',
561 silly cache add   scope: null,
561 silly cache add   name: 'opn',
561 silly cache add   rawSpec: '^1.0.1',
561 silly cache add   spec: '>=1.0.1 <2.0.0',
561 silly cache add   type: 'range' }
562 silly addNamed opn@>=1.0.1 <2.0.0
563 verbose addNamed ">=1.0.1 <2.0.0" is a valid semver range for opn
564 silly addNameRange { name: 'opn', range: '>=1.0.1 <2.0.0', hasData: false }
565 silly mapToRegistry name opn
566 silly mapToRegistry using default registry
567 silly mapToRegistry registry https://registry.npmjs.org/
568 silly mapToRegistry uri https://registry.npmjs.org/opn
569 verbose addNameRange registry:https://registry.npmjs.org/opn not in flight; fetching
570 silly cache add args [ 'p-throttler@0.1.1', null ]
571 verbose cache add spec p-throttler@0.1.1
572 silly cache add parsed spec { raw: 'p-throttler@0.1.1',
572 silly cache add   scope: null,
572 silly cache add   name: 'p-throttler',
572 silly cache add   rawSpec: '0.1.1',
572 silly cache add   spec: '0.1.1',
572 silly cache add   type: 'version' }
573 silly addNamed p-throttler@0.1.1
574 verbose addNamed "0.1.1" is a plain semver version for p-throttler
575 silly mapToRegistry name p-throttler
576 silly mapToRegistry using default registry
577 silly mapToRegistry registry https://registry.npmjs.org/
578 silly mapToRegistry uri https://registry.npmjs.org/p-throttler
579 verbose addNameVersion registry:https://registry.npmjs.org/p-throttler not in flight; fetching
580 silly cache add args [ 'promptly@0.2.0', null ]
581 verbose cache add spec promptly@0.2.0
582 silly cache add parsed spec { raw: 'promptly@0.2.0',
582 silly cache add   scope: null,
582 silly cache add   name: 'promptly',
582 silly cache add   rawSpec: '0.2.0',
582 silly cache add   spec: '0.2.0',
582 silly cache add   type: 'version' }
583 silly addNamed promptly@0.2.0
584 verbose addNamed "0.2.0" is a plain semver version for promptly
585 silly mapToRegistry name promptly
586 silly mapToRegistry using default registry
587 silly mapToRegistry registry https://registry.npmjs.org/
588 silly mapToRegistry uri https://registry.npmjs.org/promptly
589 verbose addNameVersion registry:https://registry.npmjs.org/promptly not in flight; fetching
590 silly cache add args [ 'q@^1.1.2', null ]
591 verbose cache add spec q@^1.1.2
592 silly cache add parsed spec { raw: 'q@^1.1.2',
592 silly cache add   scope: null,
592 silly cache add   name: 'q',
592 silly cache add   rawSpec: '^1.1.2',
592 silly cache add   spec: '>=1.1.2 <2.0.0',
592 silly cache add   type: 'range' }
593 silly addNamed q@>=1.1.2 <2.0.0
594 verbose addNamed ">=1.1.2 <2.0.0" is a valid semver range for q
595 silly addNameRange { name: 'q', range: '>=1.1.2 <2.0.0', hasData: false }
596 silly mapToRegistry name q
597 silly mapToRegistry using default registry
598 silly mapToRegistry registry https://registry.npmjs.org/
599 silly mapToRegistry uri https://registry.npmjs.org/q
600 verbose addNameRange registry:https://registry.npmjs.org/q not in flight; fetching
601 silly cache add args [ 'request@2.53.0', null ]
602 verbose cache add spec request@2.53.0
603 silly cache add parsed spec { raw: 'request@2.53.0',
603 silly cache add   scope: null,
603 silly cache add   name: 'request',
603 silly cache add   rawSpec: '2.53.0',
603 silly cache add   spec: '2.53.0',
603 silly cache add   type: 'version' }
604 silly addNamed request@2.53.0
605 verbose addNamed "2.53.0" is a plain semver version for request
606 silly mapToRegistry name request
607 silly mapToRegistry using default registry
608 silly mapToRegistry registry https://registry.npmjs.org/
609 silly mapToRegistry uri https://registry.npmjs.org/request
610 verbose addNameVersion registry:https://registry.npmjs.org/request not in flight; fetching
611 silly cache add args [ 'request-progress@0.3.1', null ]
612 verbose cache add spec request-progress@0.3.1
613 silly cache add parsed spec { raw: 'request-progress@0.3.1',
613 silly cache add   scope: null,
613 silly cache add   name: 'request-progress',
613 silly cache add   rawSpec: '0.3.1',
613 silly cache add   spec: '0.3.1',
613 silly cache add   type: 'version' }
614 silly addNamed request-progress@0.3.1
615 verbose addNamed "0.3.1" is a plain semver version for request-progress
616 silly mapToRegistry name request-progress
617 silly mapToRegistry using default registry
618 silly mapToRegistry registry https://registry.npmjs.org/
619 silly mapToRegistry uri https://registry.npmjs.org/request-progress
620 verbose addNameVersion registry:https://registry.npmjs.org/request-progress not in flight; fetching
621 silly cache add args [ 'retry@0.6.1', null ]
622 verbose cache add spec retry@0.6.1
623 silly cache add parsed spec { raw: 'retry@0.6.1',
623 silly cache add   scope: null,
623 silly cache add   name: 'retry',
623 silly cache add   rawSpec: '0.6.1',
623 silly cache add   spec: '0.6.1',
623 silly cache add   type: 'version' }
624 silly addNamed retry@0.6.1
625 verbose addNamed "0.6.1" is a plain semver version for retry
626 silly mapToRegistry name retry
627 silly mapToRegistry using default registry
628 silly mapToRegistry registry https://registry.npmjs.org/
629 silly mapToRegistry uri https://registry.npmjs.org/retry
630 verbose addNameVersion registry:https://registry.npmjs.org/retry not in flight; fetching
631 silly cache add args [ 'rimraf@^2.2.8', null ]
632 verbose cache add spec rimraf@^2.2.8
633 silly cache add parsed spec { raw: 'rimraf@^2.2.8',
633 silly cache add   scope: null,
633 silly cache add   name: 'rimraf',
633 silly cache add   rawSpec: '^2.2.8',
633 silly cache add   spec: '>=2.2.8 <3.0.0',
633 silly cache add   type: 'range' }
634 silly addNamed rimraf@>=2.2.8 <3.0.0
635 verbose addNamed ">=2.2.8 <3.0.0" is a valid semver range for rimraf
636 silly addNameRange { name: 'rimraf', range: '>=2.2.8 <3.0.0', hasData: false }
637 silly mapToRegistry name rimraf
638 silly mapToRegistry using default registry
639 silly mapToRegistry registry https://registry.npmjs.org/
640 silly mapToRegistry uri https://registry.npmjs.org/rimraf
641 verbose addNameRange registry:https://registry.npmjs.org/rimraf not in flight; fetching
642 silly cache add args [ 'semver@^2.3.0', null ]
643 verbose cache add spec semver@^2.3.0
644 silly cache add parsed spec { raw: 'semver@^2.3.0',
644 silly cache add   scope: null,
644 silly cache add   name: 'semver',
644 silly cache add   rawSpec: '^2.3.0',
644 silly cache add   spec: '>=2.3.0 <3.0.0',
644 silly cache add   type: 'range' }
645 silly addNamed semver@>=2.3.0 <3.0.0
646 verbose addNamed ">=2.3.0 <3.0.0" is a valid semver range for semver
647 silly addNameRange { name: 'semver', range: '>=2.3.0 <3.0.0', hasData: false }
648 silly mapToRegistry name semver
649 silly mapToRegistry using default registry
650 silly mapToRegistry registry https://registry.npmjs.org/
651 silly mapToRegistry uri https://registry.npmjs.org/semver
652 verbose addNameRange registry:https://registry.npmjs.org/semver not in flight; fetching
653 silly cache add args [ 'shell-quote@^1.4.2', null ]
654 verbose cache add spec shell-quote@^1.4.2
655 silly cache add parsed spec { raw: 'shell-quote@^1.4.2',
655 silly cache add   scope: null,
655 silly cache add   name: 'shell-quote',
655 silly cache add   rawSpec: '^1.4.2',
655 silly cache add   spec: '>=1.4.2 <2.0.0',
655 silly cache add   type: 'range' }
656 silly addNamed shell-quote@>=1.4.2 <2.0.0
657 verbose addNamed ">=1.4.2 <2.0.0" is a valid semver range for shell-quote
658 silly addNameRange { name: 'shell-quote', range: '>=1.4.2 <2.0.0', hasData: false }
659 silly mapToRegistry name shell-quote
660 silly mapToRegistry using default registry
661 silly mapToRegistry registry https://registry.npmjs.org/
662 silly mapToRegistry uri https://registry.npmjs.org/shell-quote
663 verbose addNameRange registry:https://registry.npmjs.org/shell-quote not in flight; fetching
664 silly cache add args [ 'stringify-object@^1.0.0', null ]
665 verbose cache add spec stringify-object@^1.0.0
666 silly cache add parsed spec { raw: 'stringify-object@^1.0.0',
666 silly cache add   scope: null,
666 silly cache add   name: 'stringify-object',
666 silly cache add   rawSpec: '^1.0.0',
666 silly cache add   spec: '>=1.0.0 <2.0.0',
666 silly cache add   type: 'range' }
667 silly addNamed stringify-object@>=1.0.0 <2.0.0
668 verbose addNamed ">=1.0.0 <2.0.0" is a valid semver range for stringify-object
669 silly addNameRange { name: 'stringify-object',
669 silly addNameRange   range: '>=1.0.0 <2.0.0',
669 silly addNameRange   hasData: false }
670 silly mapToRegistry name stringify-object
671 silly mapToRegistry using default registry
672 silly mapToRegistry registry https://registry.npmjs.org/
673 silly mapToRegistry uri https://registry.npmjs.org/stringify-object
674 verbose addNameRange registry:https://registry.npmjs.org/stringify-object not in flight; fetching
675 silly cache add args [ 'tar-fs@^1.4.1', null ]
676 verbose cache add spec tar-fs@^1.4.1
677 silly cache add parsed spec { raw: 'tar-fs@^1.4.1',
677 silly cache add   scope: null,
677 silly cache add   name: 'tar-fs',
677 silly cache add   rawSpec: '^1.4.1',
677 silly cache add   spec: '>=1.4.1 <2.0.0',
677 silly cache add   type: 'range' }
678 silly addNamed tar-fs@>=1.4.1 <2.0.0
679 verbose addNamed ">=1.4.1 <2.0.0" is a valid semver range for tar-fs
680 silly addNameRange { name: 'tar-fs', range: '>=1.4.1 <2.0.0', hasData: false }
681 silly mapToRegistry name tar-fs
682 silly mapToRegistry using default registry
683 silly mapToRegistry registry https://registry.npmjs.org/
684 silly mapToRegistry uri https://registry.npmjs.org/tar-fs
685 verbose addNameRange registry:https://registry.npmjs.org/tar-fs not in flight; fetching
686 silly cache add args [ 'tmp@0.0.24', null ]
687 verbose cache add spec tmp@0.0.24
688 silly cache add parsed spec { raw: 'tmp@0.0.24',
688 silly cache add   scope: null,
688 silly cache add   name: 'tmp',
688 silly cache add   rawSpec: '0.0.24',
688 silly cache add   spec: '0.0.24',
688 silly cache add   type: 'version' }
689 silly addNamed tmp@0.0.24
690 verbose addNamed "0.0.24" is a plain semver version for tmp
691 silly mapToRegistry name tmp
692 silly mapToRegistry using default registry
693 silly mapToRegistry registry https://registry.npmjs.org/
694 silly mapToRegistry uri https://registry.npmjs.org/tmp
695 verbose addNameVersion registry:https://registry.npmjs.org/tmp not in flight; fetching
696 silly cache add args [ 'update-notifier@^0.3.0', null ]
697 verbose cache add spec update-notifier@^0.3.0
698 silly cache add parsed spec { raw: 'update-notifier@^0.3.0',
698 silly cache add   scope: null,
698 silly cache add   name: 'update-notifier',
698 silly cache add   rawSpec: '^0.3.0',
698 silly cache add   spec: '>=0.3.0 <0.4.0',
698 silly cache add   type: 'range' }
699 silly addNamed update-notifier@>=0.3.0 <0.4.0
700 verbose addNamed ">=0.3.0 <0.4.0" is a valid semver range for update-notifier
701 silly addNameRange { name: 'update-notifier',
701 silly addNameRange   range: '>=0.3.0 <0.4.0',
701 silly addNameRange   hasData: false }
702 silly mapToRegistry name update-notifier
703 silly mapToRegistry using default registry
704 silly mapToRegistry registry https://registry.npmjs.org/
705 silly mapToRegistry uri https://registry.npmjs.org/update-notifier
706 verbose addNameRange registry:https://registry.npmjs.org/update-notifier not in flight; fetching
707 silly cache add args [ 'user-home@^1.1.0', null ]
708 verbose cache add spec user-home@^1.1.0
709 silly cache add parsed spec { raw: 'user-home@^1.1.0',
709 silly cache add   scope: null,
709 silly cache add   name: 'user-home',
709 silly cache add   rawSpec: '^1.1.0',
709 silly cache add   spec: '>=1.1.0 <2.0.0',
709 silly cache add   type: 'range' }
710 silly addNamed user-home@>=1.1.0 <2.0.0
711 verbose addNamed ">=1.1.0 <2.0.0" is a valid semver range for user-home
712 silly addNameRange { name: 'user-home', range: '>=1.1.0 <2.0.0', hasData: false }
713 silly mapToRegistry name user-home
714 silly mapToRegistry using default registry
715 silly mapToRegistry registry https://registry.npmjs.org/
716 silly mapToRegistry uri https://registry.npmjs.org/user-home
717 verbose addNameRange registry:https://registry.npmjs.org/user-home not in flight; fetching
718 silly cache add args [ 'which@^1.0.8', null ]
719 verbose cache add spec which@^1.0.8
720 silly cache add parsed spec { raw: 'which@^1.0.8',
720 silly cache add   scope: null,
720 silly cache add   name: 'which',
720 silly cache add   rawSpec: '^1.0.8',
720 silly cache add   spec: '>=1.0.8 <2.0.0',
720 silly cache add   type: 'range' }
721 silly addNamed which@>=1.0.8 <2.0.0
722 verbose addNamed ">=1.0.8 <2.0.0" is a valid semver range for which
723 silly addNameRange { name: 'which', range: '>=1.0.8 <2.0.0', hasData: false }
724 silly mapToRegistry name which
725 silly mapToRegistry using default registry
726 silly mapToRegistry registry https://registry.npmjs.org/
727 silly mapToRegistry uri https://registry.npmjs.org/which
728 verbose addNameRange registry:https://registry.npmjs.org/which not in flight; fetching
729 silly cache add args [ 'abbrev@^1.0.5', null ]
730 verbose cache add spec abbrev@^1.0.5
731 silly cache add parsed spec { raw: 'abbrev@^1.0.5',
731 silly cache add   scope: null,
731 silly cache add   name: 'abbrev',
731 silly cache add   rawSpec: '^1.0.5',
731 silly cache add   spec: '>=1.0.5 <2.0.0',
731 silly cache add   type: 'range' }
732 silly addNamed abbrev@>=1.0.5 <2.0.0
733 verbose addNamed ">=1.0.5 <2.0.0" is a valid semver range for abbrev
734 silly addNameRange { name: 'abbrev', range: '>=1.0.5 <2.0.0', hasData: false }
735 silly mapToRegistry name abbrev
736 silly mapToRegistry using default registry
737 silly mapToRegistry registry https://registry.npmjs.org/
738 silly mapToRegistry uri https://registry.npmjs.org/abbrev
739 verbose addNameRange registry:https://registry.npmjs.org/abbrev not in flight; fetching
740 silly cache add args [ 'archy@1.0.0', null ]
741 verbose cache add spec archy@1.0.0
742 silly cache add parsed spec { raw: 'archy@1.0.0',
742 silly cache add   scope: null,
742 silly cache add   name: 'archy',
742 silly cache add   rawSpec: '1.0.0',
742 silly cache add   spec: '1.0.0',
742 silly cache add   type: 'version' }
743 silly addNamed archy@1.0.0
744 verbose addNamed "1.0.0" is a plain semver version for archy
745 silly mapToRegistry name archy
746 silly mapToRegistry using default registry
747 silly mapToRegistry registry https://registry.npmjs.org/
748 silly mapToRegistry uri https://registry.npmjs.org/archy
749 verbose addNameVersion registry:https://registry.npmjs.org/archy not in flight; fetching
750 silly cache add args [ 'bower-config@^0.6.1', null ]
751 verbose cache add spec bower-config@^0.6.1
752 silly cache add parsed spec { raw: 'bower-config@^0.6.1',
752 silly cache add   scope: null,
752 silly cache add   name: 'bower-config',
752 silly cache add   rawSpec: '^0.6.1',
752 silly cache add   spec: '>=0.6.1 <0.7.0',
752 silly cache add   type: 'range' }
753 silly addNamed bower-config@>=0.6.1 <0.7.0
754 verbose addNamed ">=0.6.1 <0.7.0" is a valid semver range for bower-config
755 silly addNameRange { name: 'bower-config', range: '>=0.6.1 <0.7.0', hasData: false }
756 silly mapToRegistry name bower-config
757 silly mapToRegistry using default registry
758 silly mapToRegistry registry https://registry.npmjs.org/
759 silly mapToRegistry uri https://registry.npmjs.org/bower-config
760 verbose addNameRange registry:https://registry.npmjs.org/bower-config not in flight; fetching
761 silly cache add args [ 'bower-endpoint-parser@^0.2.2', null ]
762 verbose cache add spec bower-endpoint-parser@^0.2.2
763 silly cache add parsed spec { raw: 'bower-endpoint-parser@^0.2.2',
763 silly cache add   scope: null,
763 silly cache add   name: 'bower-endpoint-parser',
763 silly cache add   rawSpec: '^0.2.2',
763 silly cache add   spec: '>=0.2.2 <0.3.0',
763 silly cache add   type: 'range' }
764 silly addNamed bower-endpoint-parser@>=0.2.2 <0.3.0
765 verbose addNamed ">=0.2.2 <0.3.0" is a valid semver range for bower-endpoint-parser
766 silly addNameRange { name: 'bower-endpoint-parser',
766 silly addNameRange   range: '>=0.2.2 <0.3.0',
766 silly addNameRange   hasData: false }
767 silly mapToRegistry name bower-endpoint-parser
768 silly mapToRegistry using default registry
769 silly mapToRegistry registry https://registry.npmjs.org/
770 silly mapToRegistry uri https://registry.npmjs.org/bower-endpoint-parser
771 verbose addNameRange registry:https://registry.npmjs.org/bower-endpoint-parser not in flight; fetching
772 verbose request uri https://registry.npmjs.org/bower-json
773 verbose request no auth needed
774 info attempt registry request try #1 at 5:14:56 PM
775 http request GET https://registry.npmjs.org/bower-json
776 verbose request uri https://registry.npmjs.org/bower-logger
777 verbose request no auth needed
778 info attempt registry request try #1 at 5:14:56 PM
779 http request GET https://registry.npmjs.org/bower-logger
780 verbose request uri https://registry.npmjs.org/bower-registry-client
781 verbose request no auth needed
782 info attempt registry request try #1 at 5:14:56 PM
783 http request GET https://registry.npmjs.org/bower-registry-client
784 verbose request uri https://registry.npmjs.org/cardinal
785 verbose request no auth needed
786 info attempt registry request try #1 at 5:14:56 PM
787 http request GET https://registry.npmjs.org/cardinal
788 verbose request uri https://registry.npmjs.org/chalk
789 verbose request no auth needed
790 info attempt registry request try #1 at 5:14:56 PM
791 http request GET https://registry.npmjs.org/chalk
792 verbose request uri https://registry.npmjs.org/chmodr
793 verbose request no auth needed
794 info attempt registry request try #1 at 5:14:56 PM
795 http request GET https://registry.npmjs.org/chmodr
796 verbose request uri https://registry.npmjs.org/configstore
797 verbose request no auth needed
798 info attempt registry request try #1 at 5:14:56 PM
799 http request GET https://registry.npmjs.org/configstore
800 verbose request uri https://registry.npmjs.org/decompress-zip
801 verbose request no auth needed
802 info attempt registry request try #1 at 5:14:56 PM
803 http request GET https://registry.npmjs.org/decompress-zip
804 verbose request uri https://registry.npmjs.org/deep-sort-object
805 verbose request no auth needed
806 info attempt registry request try #1 at 5:14:56 PM
807 http request GET https://registry.npmjs.org/deep-sort-object
808 verbose request uri https://registry.npmjs.org/fstream
809 verbose request no auth needed
810 info attempt registry request try #1 at 5:14:56 PM
811 http request GET https://registry.npmjs.org/fstream
812 verbose request uri https://registry.npmjs.org/fstream-ignore
813 verbose request no auth needed
814 info attempt registry request try #1 at 5:14:56 PM
815 http request GET https://registry.npmjs.org/fstream-ignore
816 verbose request uri https://registry.npmjs.org/github
817 verbose request no auth needed
818 info attempt registry request try #1 at 5:14:56 PM
819 http request GET https://registry.npmjs.org/github
820 verbose request uri https://registry.npmjs.org/glob
821 verbose request no auth needed
822 info attempt registry request try #1 at 5:14:56 PM
823 http request GET https://registry.npmjs.org/glob
824 verbose request uri https://registry.npmjs.org/graceful-fs
825 verbose request no auth needed
826 info attempt registry request try #1 at 5:14:56 PM
827 http request GET https://registry.npmjs.org/graceful-fs
828 verbose request uri https://registry.npmjs.org/handlebars
829 verbose request no auth needed
830 info attempt registry request try #1 at 5:14:56 PM
831 http request GET https://registry.npmjs.org/handlebars
832 verbose request uri https://registry.npmjs.org/inquirer
833 verbose request no auth needed
834 info attempt registry request try #1 at 5:14:56 PM
835 http request GET https://registry.npmjs.org/inquirer
836 verbose request uri https://registry.npmjs.org/insight
837 verbose request no auth needed
838 info attempt registry request try #1 at 5:14:56 PM
839 http request GET https://registry.npmjs.org/insight
840 verbose request uri https://registry.npmjs.org/is-root
841 verbose request no auth needed
842 info attempt registry request try #1 at 5:14:56 PM
843 http request GET https://registry.npmjs.org/is-root
844 verbose request uri https://registry.npmjs.org/junk
845 verbose request no auth needed
846 info attempt registry request try #1 at 5:14:56 PM
847 http request GET https://registry.npmjs.org/junk
848 verbose request uri https://registry.npmjs.org/lockfile
849 verbose request no auth needed
850 info attempt registry request try #1 at 5:14:56 PM
851 http request GET https://registry.npmjs.org/lockfile
852 verbose request uri https://registry.npmjs.org/lru-cache
853 verbose request no auth needed
854 info attempt registry request try #1 at 5:14:56 PM
855 http request GET https://registry.npmjs.org/lru-cache
856 verbose request uri https://registry.npmjs.org/mkdirp
857 verbose request no auth needed
858 info attempt registry request try #1 at 5:14:56 PM
859 http request GET https://registry.npmjs.org/mkdirp
860 verbose request uri https://registry.npmjs.org/mout
861 verbose request no auth needed
862 info attempt registry request try #1 at 5:14:56 PM
863 http request GET https://registry.npmjs.org/mout
864 verbose request uri https://registry.npmjs.org/nopt
865 verbose request no auth needed
866 info attempt registry request try #1 at 5:14:56 PM
867 http request GET https://registry.npmjs.org/nopt
868 verbose request uri https://registry.npmjs.org/opn
869 verbose request no auth needed
870 info attempt registry request try #1 at 5:14:56 PM
871 http request GET https://registry.npmjs.org/opn
872 verbose request uri https://registry.npmjs.org/p-throttler
873 verbose request no auth needed
874 info attempt registry request try #1 at 5:14:56 PM
875 http request GET https://registry.npmjs.org/p-throttler
876 verbose request uri https://registry.npmjs.org/promptly
877 verbose request no auth needed
878 info attempt registry request try #1 at 5:14:56 PM
879 http request GET https://registry.npmjs.org/promptly
880 verbose request uri https://registry.npmjs.org/q
881 verbose request no auth needed
882 info attempt registry request try #1 at 5:14:56 PM
883 http request GET https://registry.npmjs.org/q
884 verbose request uri https://registry.npmjs.org/request
885 verbose request no auth needed
886 info attempt registry request try #1 at 5:14:56 PM
887 http request GET https://registry.npmjs.org/request
888 verbose request uri https://registry.npmjs.org/request-progress
889 verbose request no auth needed
890 info attempt registry request try #1 at 5:14:56 PM
891 http request GET https://registry.npmjs.org/request-progress
892 verbose request uri https://registry.npmjs.org/retry
893 verbose request no auth needed
894 info attempt registry request try #1 at 5:14:56 PM
895 http request GET https://registry.npmjs.org/retry
896 verbose request uri https://registry.npmjs.org/rimraf
897 verbose request no auth needed
898 info attempt registry request try #1 at 5:14:56 PM
899 http request GET https://registry.npmjs.org/rimraf
900 verbose request uri https://registry.npmjs.org/semver
901 verbose request no auth needed
902 info attempt registry request try #1 at 5:14:56 PM
903 http request GET https://registry.npmjs.org/semver
904 verbose request uri https://registry.npmjs.org/shell-quote
905 verbose request no auth needed
906 info attempt registry request try #1 at 5:14:56 PM
907 http request GET https://registry.npmjs.org/shell-quote
908 verbose request uri https://registry.npmjs.org/stringify-object
909 verbose request no auth needed
910 info attempt registry request try #1 at 5:14:56 PM
911 http request GET https://registry.npmjs.org/stringify-object
912 verbose request uri https://registry.npmjs.org/tar-fs
913 verbose request no auth needed
914 info attempt registry request try #1 at 5:14:56 PM
915 http request GET https://registry.npmjs.org/tar-fs
916 verbose request uri https://registry.npmjs.org/tmp
917 verbose request no auth needed
918 info attempt registry request try #1 at 5:14:56 PM
919 http request GET https://registry.npmjs.org/tmp
920 verbose request uri https://registry.npmjs.org/update-notifier
921 verbose request no auth needed
922 info attempt registry request try #1 at 5:14:56 PM
923 http request GET https://registry.npmjs.org/update-notifier
924 verbose request uri https://registry.npmjs.org/user-home
925 verbose request no auth needed
926 info attempt registry request try #1 at 5:14:56 PM
927 http request GET https://registry.npmjs.org/user-home
928 verbose request uri https://registry.npmjs.org/which
929 verbose request no auth needed
930 info attempt registry request try #1 at 5:14:56 PM
931 http request GET https://registry.npmjs.org/which
932 verbose request uri https://registry.npmjs.org/abbrev
933 verbose request no auth needed
934 info attempt registry request try #1 at 5:14:56 PM
935 http request GET https://registry.npmjs.org/abbrev
936 verbose request uri https://registry.npmjs.org/archy
937 verbose request no auth needed
938 info attempt registry request try #1 at 5:14:56 PM
939 http request GET https://registry.npmjs.org/archy
940 verbose request uri https://registry.npmjs.org/bower-config
941 verbose request no auth needed
942 info attempt registry request try #1 at 5:14:56 PM
943 http request GET https://registry.npmjs.org/bower-config
944 verbose request uri https://registry.npmjs.org/bower-endpoint-parser
945 verbose request no auth needed
946 info attempt registry request try #1 at 5:14:56 PM
947 http request GET https://registry.npmjs.org/bower-endpoint-parser
948 info retry will retry, error on last attempt: Error: connect ETIMEDOUT
949 info retry will retry, error on last attempt: Error: connect ETIMEDOUT
950 info retry will retry, error on last attempt: Error: connect ETIMEDOUT
951 info retry will retry, error on last attempt: Error: connect ETIMEDOUT
952 info retry will retry, error on last attempt: Error: connect ETIMEDOUT
953 info retry will retry, error on last attempt: Error: connect ETIMEDOUT
954 info retry will retry, error on last attempt: Error: connect ETIMEDOUT
955 info retry will retry, error on last attempt: Error: connect ETIMEDOUT
956 info retry will retry, error on last attempt: Error: connect ETIMEDOUT
957 info retry will retry, error on last attempt: Error: connect ETIMEDOUT
958 info retry will retry, error on last attempt: Error: connect ETIMEDOUT
959 info retry will retry, error on last attempt: Error: connect ETIMEDOUT
960 info retry will retry, error on last attempt: Error: connect ETIMEDOUT
961 info retry will retry, error on last attempt: Error: connect ETIMEDOUT
962 info retry will retry, error on last attempt: Error: connect ETIMEDOUT
963 info retry will retry, error on last attempt: Error: connect ETIMEDOUT
964 info retry will retry, error on last attempt: Error: connect ETIMEDOUT
965 info retry will retry, error on last attempt: Error: connect ETIMEDOUT
966 info retry will retry, error on last attempt: Error: connect ETIMEDOUT
967 info retry will retry, error on last attempt: Error: connect ETIMEDOUT
968 info retry will retry, error on last attempt: Error: connect ETIMEDOUT
969 info retry will retry, error on last attempt: Error: connect ETIMEDOUT
970 info retry will retry, error on last attempt: Error: connect ETIMEDOUT
971 info retry will retry, error on last attempt: Error: connect ETIMEDOUT
972 info retry will retry, error on last attempt: Error: connect ETIMEDOUT
973 info retry will retry, error on last attempt: Error: connect ETIMEDOUT
974 info retry will retry, error on last attempt: Error: connect ETIMEDOUT
975 info retry will retry, error on last attempt: Error: connect ETIMEDOUT
976 info retry will retry, error on last attempt: Error: connect ETIMEDOUT
977 info retry will retry, error on last attempt: Error: connect ETIMEDOUT
978 info retry will retry, error on last attempt: Error: connect ETIMEDOUT
979 info retry will retry, error on last attempt: Error: connect ETIMEDOUT
980 info retry will retry, error on last attempt: Error: connect ETIMEDOUT
981 info retry will retry, error on last attempt: Error: connect ETIMEDOUT
982 info retry will retry, error on last attempt: Error: connect ETIMEDOUT
983 info retry will retry, error on last attempt: Error: connect ETIMEDOUT
984 info retry will retry, error on last attempt: Error: connect ETIMEDOUT
985 info retry will retry, error on last attempt: Error: connect ETIMEDOUT
986 info retry will retry, error on last attempt: Error: connect ETIMEDOUT
987 info retry will retry, error on last attempt: Error: connect ETIMEDOUT
988 info retry will retry, error on last attempt: Error: connect ETIMEDOUT
989 info retry will retry, error on last attempt: Error: connect ETIMEDOUT
990 info retry will retry, error on last attempt: Error: connect ETIMEDOUT
991 info retry will retry, error on last attempt: Error: connect ETIMEDOUT
992 info attempt registry request try #2 at 5:15:27 PM
993 http request GET https://registry.npmjs.org/configstore
994 info attempt registry request try #2 at 5:15:27 PM
995 http request GET https://registry.npmjs.org/mout
996 info attempt registry request try #2 at 5:15:27 PM
997 http request GET https://registry.npmjs.org/lru-cache
998 info attempt registry request try #2 at 5:15:27 PM
999 http request GET https://registry.npmjs.org/github
1000 info attempt registry request try #2 at 5:15:27 PM
1001 http request GET https://registry.npmjs.org/q
1002 info attempt registry request try #2 at 5:15:27 PM
1003 http request GET https://registry.npmjs.org/p-throttler
1004 info attempt registry request try #2 at 5:15:27 PM
1005 http request GET https://registry.npmjs.org/shell-quote
1006 info attempt registry request try #2 at 5:15:27 PM
1007 http request GET https://registry.npmjs.org/tar-fs
1008 info attempt registry request try #2 at 5:15:27 PM
1009 http request GET https://registry.npmjs.org/mkdirp
1010 info attempt registry request try #2 at 5:15:27 PM
1011 http request GET https://registry.npmjs.org/chmodr
1012 info attempt registry request try #2 at 5:15:27 PM
1013 http request GET https://registry.npmjs.org/decompress-zip
1014 info attempt registry request try #2 at 5:15:27 PM
1015 http request GET https://registry.npmjs.org/deep-sort-object
1016 info attempt registry request try #2 at 5:15:27 PM
1017 http request GET https://registry.npmjs.org/fstream-ignore
1018 info attempt registry request try #2 at 5:15:27 PM
1019 http request GET https://registry.npmjs.org/bower-registry-client
1020 info attempt registry request try #2 at 5:15:27 PM
1021 http request GET https://registry.npmjs.org/bower-json
1022 info attempt registry request try #2 at 5:15:27 PM
1023 http request GET https://registry.npmjs.org/inquirer
1024 info attempt registry request try #2 at 5:15:27 PM
1025 http request GET https://registry.npmjs.org/graceful-fs
1026 info attempt registry request try #2 at 5:15:27 PM
1027 http request GET https://registry.npmjs.org/lockfile
1028 info attempt registry request try #2 at 5:15:27 PM
1029 http request GET https://registry.npmjs.org/is-root
1030 info attempt registry request try #2 at 5:15:27 PM
1031 http request GET https://registry.npmjs.org/retry
1032 info attempt registry request try #2 at 5:15:27 PM
1033 http request GET https://registry.npmjs.org/request
1034 info attempt registry request try #2 at 5:15:27 PM
1035 http request GET https://registry.npmjs.org/tmp
1036 info attempt registry request try #2 at 5:15:27 PM
1037 http request GET https://registry.npmjs.org/opn
1038 info attempt registry request try #2 at 5:15:27 PM
1039 http request GET https://registry.npmjs.org/stringify-object
1040 info attempt registry request try #2 at 5:15:27 PM
1041 http request GET https://registry.npmjs.org/junk
1042 info attempt registry request try #2 at 5:15:27 PM
1043 http request GET https://registry.npmjs.org/rimraf
1044 info attempt registry request try #2 at 5:15:27 PM
1045 http request GET https://registry.npmjs.org/bower-logger
1046 info attempt registry request try #2 at 5:15:27 PM
1047 http request GET https://registry.npmjs.org/glob
1048 info attempt registry request try #2 at 5:15:27 PM
1049 http request GET https://registry.npmjs.org/chalk
1050 info attempt registry request try #2 at 5:15:27 PM
1051 http request GET https://registry.npmjs.org/fstream
1052 info attempt registry request try #2 at 5:15:27 PM
1053 http request GET https://registry.npmjs.org/nopt
1054 info attempt registry request try #2 at 5:15:27 PM
1055 http request GET https://registry.npmjs.org/user-home
1056 info attempt registry request try #2 at 5:15:27 PM
1057 http request GET https://registry.npmjs.org/archy
1058 info attempt registry request try #2 at 5:15:27 PM
1059 http request GET https://registry.npmjs.org/promptly
1060 info attempt registry request try #2 at 5:15:27 PM
1061 http request GET https://registry.npmjs.org/bower-endpoint-parser
1062 info attempt registry request try #2 at 5:15:27 PM
1063 http request GET https://registry.npmjs.org/semver
1064 info attempt registry request try #2 at 5:15:27 PM
1065 http request GET https://registry.npmjs.org/insight
1066 info attempt registry request try #2 at 5:15:27 PM
1067 http request GET https://registry.npmjs.org/update-notifier
1068 info attempt registry request try #2 at 5:15:27 PM
1069 http request GET https://registry.npmjs.org/request-progress
1070 info attempt registry request try #2 at 5:15:27 PM
1071 http request GET https://registry.npmjs.org/abbrev
1072 info attempt registry request try #2 at 5:15:27 PM
1073 http request GET https://registry.npmjs.org/which
1074 info attempt registry request try #2 at 5:15:27 PM
1075 http request GET https://registry.npmjs.org/bower-config
1076 info attempt registry request try #2 at 5:15:27 PM
1077 http request GET https://registry.npmjs.org/cardinal
1078 info attempt registry request try #2 at 5:15:27 PM
1079 http request GET https://registry.npmjs.org/handlebars
1080 info retry will retry, error on last attempt: Error: connect ETIMEDOUT
1081 info retry will retry, error on last attempt: Error: connect ETIMEDOUT
1082 info retry will retry, error on last attempt: Error: connect ETIMEDOUT
1083 info retry will retry, error on last attempt: Error: connect ETIMEDOUT
1084 info retry will retry, error on last attempt: Error: connect ETIMEDOUT
1085 info retry will retry, error on last attempt: Error: connect ETIMEDOUT
1086 info retry will retry, error on last attempt: Error: connect ETIMEDOUT
1087 info retry will retry, error on last attempt: Error: connect ETIMEDOUT
1088 info retry will retry, error on last attempt: Error: connect ETIMEDOUT
1089 info retry will retry, error on last attempt: Error: connect ETIMEDOUT
1090 info retry will retry, error on last attempt: Error: connect ETIMEDOUT
1091 info retry will retry, error on last attempt: Error: connect ETIMEDOUT
1092 info retry will retry, error on last attempt: Error: connect ETIMEDOUT
1093 info retry will retry, error on last attempt: Error: connect ETIMEDOUT
1094 info retry will retry, error on last attempt: Error: connect ETIMEDOUT
1095 info retry will retry, error on last attempt: Error: connect ETIMEDOUT
1096 info retry will retry, error on last attempt: Error: connect ETIMEDOUT
1097 info retry will retry, error on last attempt: Error: connect ETIMEDOUT
1098 info retry will retry, error on last attempt: Error: connect ETIMEDOUT
1099 info retry will retry, error on last attempt: Error: connect ETIMEDOUT
1100 info retry will retry, error on last attempt: Error: connect ETIMEDOUT
1101 info retry will retry, error on last attempt: Error: connect ETIMEDOUT
1102 info retry will retry, error on last attempt: Error: connect ETIMEDOUT
1103 info retry will retry, error on last attempt: Error: connect ETIMEDOUT
1104 info retry will retry, error on last attempt: Error: connect ETIMEDOUT
1105 info retry will retry, error on last attempt: Error: connect ETIMEDOUT
1106 info retry will retry, error on last attempt: Error: connect ETIMEDOUT
1107 info retry will retry, error on last attempt: Error: connect ETIMEDOUT
1108 info retry will retry, error on last attempt: Error: connect ETIMEDOUT
1109 info retry will retry, error on last attempt: Error: connect ETIMEDOUT
1110 info retry will retry, error on last attempt: Error: connect ETIMEDOUT
1111 info retry will retry, error on last attempt: Error: connect ETIMEDOUT
1112 info retry will retry, error on last attempt: Error: connect ETIMEDOUT
1113 info retry will retry, error on last attempt: Error: connect ETIMEDOUT
1114 info retry will retry, error on last attempt: Error: connect ETIMEDOUT
1115 info retry will retry, error on last attempt: Error: connect ETIMEDOUT
1116 info retry will retry, error on last attempt: Error: connect ETIMEDOUT
1117 info retry will retry, error on last attempt: Error: connect ETIMEDOUT
1118 info retry will retry, error on last attempt: Error: connect ETIMEDOUT
1119 info retry will retry, error on last attempt: Error: connect ETIMEDOUT
1120 info retry will retry, error on last attempt: Error: connect ETIMEDOUT
1121 info retry will retry, error on last attempt: Error: connect ETIMEDOUT
1122 info retry will retry, error on last attempt: Error: connect ETIMEDOUT
1123 info retry will retry, error on last attempt: Error: connect ETIMEDOUT
1124 info attempt registry request try #3 at 5:16:48 PM
1125 http request GET https://registry.npmjs.org/tmp
1126 info attempt registry request try #3 at 5:16:48 PM
1127 http request GET https://registry.npmjs.org/github
1128 info attempt registry request try #3 at 5:16:48 PM
1129 http request GET https://registry.npmjs.org/p-throttler
1130 info attempt registry request try #3 at 5:16:48 PM
1131 http request GET https://registry.npmjs.org/retry
1132 info attempt registry request try #3 at 5:16:48 PM
1133 http request GET https://registry.npmjs.org/junk
1134 info attempt registry request try #3 at 5:16:48 PM
1135 http request GET https://registry.npmjs.org/mkdirp
1136 info attempt registry request try #3 at 5:16:48 PM
1137 http request GET https://registry.npmjs.org/shell-quote
1138 info attempt registry request try #3 at 5:16:48 PM
1139 http request GET https://registry.npmjs.org/nopt
1140 info attempt registry request try #3 at 5:16:48 PM
1141 http request GET https://registry.npmjs.org/opn
1142 info attempt registry request try #3 at 5:16:48 PM
1143 http request GET https://registry.npmjs.org/handlebars
1144 info attempt registry request try #3 at 5:16:48 PM
1145 http request GET https://registry.npmjs.org/is-root
1146 info attempt registry request try #3 at 5:16:48 PM
1147 http request GET https://registry.npmjs.org/request
1148 info attempt registry request try #3 at 5:16:48 PM
1149 http request GET https://registry.npmjs.org/stringify-object
1150 info attempt registry request try #3 at 5:16:48 PM
1151 http request GET https://registry.npmjs.org/lru-cache
1152 info attempt registry request try #3 at 5:16:48 PM
1153 http request GET https://registry.npmjs.org/rimraf
1154 info attempt registry request try #3 at 5:16:48 PM
1155 http request GET https://registry.npmjs.org/archy
1156 info attempt registry request try #3 at 5:16:48 PM
1157 http request GET https://registry.npmjs.org/promptly
1158 info attempt registry request try #3 at 5:16:48 PM
1159 http request GET https://registry.npmjs.org/user-home
1160 info attempt registry request try #3 at 5:16:48 PM
1161 http request GET https://registry.npmjs.org/tar-fs
1162 info attempt registry request try #3 at 5:16:48 PM
1163 http request GET https://registry.npmjs.org/cardinal
1164 info attempt registry request try #3 at 5:16:48 PM
1165 http request GET https://registry.npmjs.org/q
1166 info attempt registry request try #3 at 5:16:48 PM
1167 http request GET https://registry.npmjs.org/lockfile
1168 info attempt registry request try #3 at 5:16:48 PM
1169 http request GET https://registry.npmjs.org/mout
1170 info attempt registry request try #3 at 5:16:48 PM
1171 http request GET https://registry.npmjs.org/chmodr
1172 info attempt registry request try #3 at 5:16:48 PM
1173 http request GET https://registry.npmjs.org/chalk
1174 info attempt registry request try #3 at 5:16:48 PM
1175 http request GET https://registry.npmjs.org/inquirer
1176 info attempt registry request try #3 at 5:16:48 PM
1177 http request GET https://registry.npmjs.org/fstream-ignore
1178 info attempt registry request try #3 at 5:16:48 PM
1179 http request GET https://registry.npmjs.org/bower-endpoint-parser
1180 info attempt registry request try #3 at 5:16:48 PM
1181 http request GET https://registry.npmjs.org/bower-logger
1182 info attempt registry request try #3 at 5:16:48 PM
1183 http request GET https://registry.npmjs.org/decompress-zip
1184 info attempt registry request try #3 at 5:16:48 PM
1185 http request GET https://registry.npmjs.org/bower-json
1186 info attempt registry request try #3 at 5:16:48 PM
1187 http request GET https://registry.npmjs.org/insight
1188 info attempt registry request try #3 at 5:16:48 PM
1189 http request GET https://registry.npmjs.org/glob
1190 info attempt registry request try #3 at 5:16:48 PM
1191 http request GET https://registry.npmjs.org/graceful-fs
1192 info attempt registry request try #3 at 5:16:48 PM
1193 http request GET https://registry.npmjs.org/bower-config
1194 info attempt registry request try #3 at 5:16:48 PM
1195 http request GET https://registry.npmjs.org/update-notifier
1196 info attempt registry request try #3 at 5:16:48 PM
1197 http request GET https://registry.npmjs.org/fstream
1198 info attempt registry request try #3 at 5:16:48 PM
1199 http request GET https://registry.npmjs.org/abbrev
1200 info attempt registry request try #3 at 5:16:48 PM
1201 http request GET https://registry.npmjs.org/semver
1202 info attempt registry request try #3 at 5:16:48 PM
1203 http request GET https://registry.npmjs.org/which
1204 info attempt registry request try #3 at 5:16:48 PM
1205 http request GET https://registry.npmjs.org/configstore
1206 info attempt registry request try #3 at 5:16:48 PM
1207 http request GET https://registry.npmjs.org/deep-sort-object
1208 info attempt registry request try #3 at 5:16:48 PM
1209 http request GET https://registry.npmjs.org/request-progress
1210 info attempt registry request try #3 at 5:16:48 PM
1211 http request GET https://registry.npmjs.org/bower-registry-client
1212 verbose about to build C:\Users\Dhaval\AppData\Roaming\npm\node_modules\bower
1213 verbose unlock done using C:\Users\Dhaval\AppData\Roaming\npm-cache\_locks\bower-d4e0893c55ebfb98.lock for C:\Users\Dhaval\AppData\Roaming\npm\node_modules\bower
1214 verbose stack Error: connect ETIMEDOUT
1214 verbose stack     at exports._errnoException (util.js:746:11)
1214 verbose stack     at TCPConnectWrap.afterConnect [as oncomplete] (net.js:1010:19)
1215 verbose cwd C:\xampp\htdocs\manjhi
1216 error Windows_NT 6.3.9600
1217 error argv "node" "C:\\Users\\Dhaval\\AppData\\Roaming\\npm\\node_modules\\npm\\bin\\npm-cli.js" "install" "-g" "bower"
1218 error node v0.12.7
1219 error npm  v2.14.1
1220 error code ETIMEDOUT
1221 error errno ETIMEDOUT
1222 error syscall connect
1223 error network connect ETIMEDOUT
1223 error network This is most likely not a problem with npm itself
1223 error network and is related to network connectivity.
1223 error network In most cases you are behind a proxy or have bad network settings.
1223 error network
1223 error network If you are behind a proxy, please make sure that the
1223 error network 'proxy' config is set properly.  See: 'npm help config'
1224 verbose exit [ 1, true ]
1225 verbose unbuild node_modules\bower
1226 info preuninstall bower@1.5.2
1227 info uninstall bower@1.5.2
1228 verbose unbuild rmStuff bower@1.5.2 from C:\Users\Dhaval\AppData\Roaming\npm\node_modules
1229 silly gentlyRm C:\Users\Dhaval\AppData\Roaming\npm\bower.cmd is being gently removed
1230 silly gentlyRm verifying C:\Users\Dhaval\AppData\Roaming\npm is an npm working directory
1231 silly gentlyRm containing path C:\Users\Dhaval\AppData\Roaming\npm is under npm's control, in C:\Users\Dhaval\AppData\Roaming\npm
1232 silly gentlyRm deletion target C:\Users\Dhaval\AppData\Roaming\npm\bower.cmd is under C:\Users\Dhaval\AppData\Roaming\npm
1233 verbose gentlyRm vacuuming from C:\Users\Dhaval\AppData\Roaming\npm\bower.cmd up to C:\Users\Dhaval\AppData\Roaming\npm
1234 silly gentlyRm C:\Users\Dhaval\AppData\Roaming\npm\bower is being gently removed
1235 silly gentlyRm verifying C:\Users\Dhaval\AppData\Roaming\npm is an npm working directory
1236 silly gentlyRm containing path C:\Users\Dhaval\AppData\Roaming\npm is under npm's control, in C:\Users\Dhaval\AppData\Roaming\npm
1237 silly gentlyRm deletion target C:\Users\Dhaval\AppData\Roaming\npm\bower is under C:\Users\Dhaval\AppData\Roaming\npm
1238 verbose gentlyRm vacuuming from C:\Users\Dhaval\AppData\Roaming\npm\bower up to C:\Users\Dhaval\AppData\Roaming\npm
1239 info postuninstall bower@1.5.2
1240 silly gentlyRm C:\Users\Dhaval\AppData\Roaming\npm\node_modules\bower is being purged from base C:\Users\Dhaval\AppData\Roaming\npm
1241 verbose gentlyRm don't care about contents; nuking C:\Users\Dhaval\AppData\Roaming\npm\node_modules\bower
1242 silly vacuum-fs purging C:\Users\Dhaval\AppData\Roaming\npm\node_modules\bower
1243 silly vacuum-fs quitting because other entries in C:\Users\Dhaval\AppData\Roaming\npm\node_modules
